#
# There is insufficient memory for the Java Runtime Environment to continue.
# Native memory allocation (malloc) failed to allocate 32744 bytes for ChunkPool::allocate
# Possible reasons:
#   The system is out of physical RAM or swap space
#   The process is running with CompressedOops enabled, and the Java Heap may be blocking the growth of the native heap
# Possible solutions:
#   Reduce memory load on the system
#   Increase physical memory or swap space
#   Check if swap backing store is full
#   Decrease Java heap size (-Xmx/-Xms)
#   Decrease number of Java threads
#   Decrease Java thread stack sizes (-Xss)
#   Set larger code cache with -XX:ReservedCodeCacheSize=
#   JVM is running with Unscaled Compressed Oops mode in which the Java heap is
#     placed in the first 4GB address space. The Java Heap base address is the
#     maximum limit for the native heap growth. Please use -XX:HeapBaseMinAddress
#     to set the Java Heap base and to place the Java Heap above 4GB virtual address.
# This output file may be truncated or incomplete.
#
#  Out of Memory Error (./open/src/hotspot/share/memory/arena.cpp:79), pid=9316, tid=4444
#
# JRE version: Java(TM) SE Runtime Environment (15.0.1+9) (build 15.0.1+9-18)
# Java VM: Java HotSpot(TM) 64-Bit Server VM (15.0.1+9-18, mixed mode, sharing, tiered, compressed oops, g1 gc, windows-amd64)
# No core dump will be written. Minidumps are not enabled by default on client versions of Windows
#

---------------  S U M M A R Y ------------

Command Line: -Dmaven.home=C:\apache-maven-3.6.3 -Dclassworlds.conf=C:\Users\fujitsu\eclipse-workspace\.metadata\.plugins\org.eclipse.m2e.launching\launches\m2conf13793325934200762509.tmp -Dmaven.multiModuleProjectDirectory=C:\Users\fujitsu\Desktop\projet1\classevirtuelle -Dfile.encoding=Cp1252 -XX:+ShowCodeDetailsInExceptionMessages org.codehaus.plexus.classworlds.launcher.Launcher -B -Dmaven.test.skip=true -DskipTests -gs C:\apache-maven-3.6.3\com.classroom.virtualclassroom.conf\settings.xml -s C:\apache-maven-3.6.3\com.classroom.virtualclassroom.conf\settings.xml clean install

Host: Intel(R) Xeon(R) CPU E31220 @ 3.10GHz, 4 cores, 3G,  Windows 10 , 64 bit Build 19041 (10.0.19041.662)
Time: Sat Feb  6 19:57:02 2021 Paris, Madrid elapsed time: 46.818696 seconds (0d 0h 0m 46s)

---------------  T H R E A D  ---------------

Current thread (0x000001e8ca2c9de0):  JavaThread "C2 CompilerThread0" daemon [_thread_in_native, id=4444, stack(0x000000a126b00000,0x000000a126c00000)]


Current CompileTask:
C2:  46880 3012       4       org.eclipse.sisu.inject.LocatedBeans$Itr::hasNext (161 bytes)

Stack: [0x000000a126b00000,0x000000a126c00000]
Native frames: (J=compiled Java code, j=interpreted, Vv=VM code, C=native code)
V  [jvm.dll+0x62ae9a]
V  [jvm.dll+0x781389]
V  [jvm.dll+0x782ae3]
V  [jvm.dll+0x783143]
V  [jvm.dll+0x216265]
V  [jvm.dll+0x9828f]
V  [jvm.dll+0x985dc]
V  [jvm.dll+0x334080]
V  [jvm.dll+0x3335b1]
V  [jvm.dll+0x3335f4]
V  [jvm.dll+0x524ff8]
V  [jvm.dll+0x2f78d9]
V  [jvm.dll+0x2f6c6a]
V  [jvm.dll+0x1ea645]
V  [jvm.dll+0x1e98ae]
V  [jvm.dll+0x1784c7]
V  [jvm.dll+0x1f9165]
V  [jvm.dll+0x1f720c]
V  [jvm.dll+0x74485d]
V  [jvm.dll+0x73d65a]
V  [jvm.dll+0x629c56]
C  [ucrtbase.dll+0x214c2]
C  [KERNEL32.DLL+0x17034]
C  [ntdll.dll+0x4d0d1]


---------------  P R O C E S S  ---------------

Threads class SMR info:
_java_thread_list=0x000001e8cc382230, length=11, elements={
0x000001e8ae605d60, 0x000001e8ae6dd4f0, 0x000001e8ae6ddbe0, 0x000001e8ca2b8850,
0x000001e8ca2bce40, 0x000001e8ca2bd410, 0x000001e8ca2c9de0, 0x000001e8ca2cd9a0,
0x000001e8ca2cfec0, 0x000001e8cad1eef0, 0x000001e8cad236f0
}

Java Threads: ( => current thread )
  0x000001e8ae605d60 JavaThread "main" [_thread_in_native, id=9192, stack(0x000000a125f00000,0x000000a126000000)]
  0x000001e8ae6dd4f0 JavaThread "Reference Handler" daemon [_thread_blocked, id=216, stack(0x000000a126600000,0x000000a126700000)]
  0x000001e8ae6ddbe0 JavaThread "Finalizer" daemon [_thread_blocked, id=15352, stack(0x000000a126700000,0x000000a126800000)]
  0x000001e8ca2b8850 JavaThread "Signal Dispatcher" daemon [_thread_blocked, id=496, stack(0x000000a126800000,0x000000a126900000)]
  0x000001e8ca2bce40 JavaThread "Attach Listener" daemon [_thread_blocked, id=1276, stack(0x000000a126900000,0x000000a126a00000)]
  0x000001e8ca2bd410 JavaThread "Service Thread" daemon [_thread_blocked, id=13624, stack(0x000000a126a00000,0x000000a126b00000)]
=>0x000001e8ca2c9de0 JavaThread "C2 CompilerThread0" daemon [_thread_in_native, id=4444, stack(0x000000a126b00000,0x000000a126c00000)]
  0x000001e8ca2cd9a0 JavaThread "C1 CompilerThread0" daemon [_thread_in_native, id=11696, stack(0x000000a126c00000,0x000000a126d00000)]
  0x000001e8ca2cfec0 JavaThread "Sweeper thread" daemon [_thread_blocked, id=2476, stack(0x000000a126d00000,0x000000a126e00000)]
  0x000001e8cad1eef0 JavaThread "Notification Thread" daemon [_thread_blocked, id=5308, stack(0x000000a126e00000,0x000000a126f00000)]
  0x000001e8cad236f0 JavaThread "Common-Cleaner" daemon [_thread_blocked, id=10780, stack(0x000000a127000000,0x000000a127100000)]

Other Threads:
  0x000001e8ae6d9950 VMThread "VM Thread" [stack: 0x000000a126500000,0x000000a126600000] [id=4212]
  0x000001e8cad213d0 WatcherThread [stack: 0x000000a126f00000,0x000000a127000000] [id=1160]
  0x000001e8ae6350c0 GCTaskThread "GC Thread#0" [stack: 0x000000a126000000,0x000000a126100000] [id=6384]
  0x000001e8caff3f80 GCTaskThread "GC Thread#1" [stack: 0x000000a127100000,0x000000a127200000] [id=11460]
  0x000001e8ae63e9c0 ConcurrentGCThread "G1 Main Marker" [stack: 0x000000a126100000,0x000000a126200000] [id=6820]
  0x000001e8ae63f5b0 ConcurrentGCThread "G1 Conc#0" [stack: 0x000000a126200000,0x000000a126300000] [id=10204]
  0x000001e8ae692ab0 ConcurrentGCThread "G1 Refine#0" [stack: 0x000000a126300000,0x000000a126400000] [id=11612]
  0x000001e8cbf72060 ConcurrentGCThread "G1 Refine#1" [stack: 0x000000a127400000,0x000000a127500000] [id=7912]
  0x000001e8ae6970a0 ConcurrentGCThread "G1 Young RemSet Sampling" [stack: 0x000000a126400000,0x000000a126500000] [id=6320]

Threads with active compile tasks:
C2 CompilerThread0    47768 3012       4       org.eclipse.sisu.inject.LocatedBeans$Itr::hasNext (161 bytes)
C1 CompilerThread0    47768 3026       3       org.apache.maven.model.io.xpp3.MavenXpp3Reader::parsePluginExecution (340 bytes)

VM state: not at safepoint (normal execution)

VM Mutex/Monitor currently owned by a thread: None

Heap address: 0x00000000c0600000, size: 1018 MB, Compressed Oops mode: 32-bit
CDS archive(s) mapped at: [0x0000000800000000-0x0000000800b50000-0x0000000800b50000), size 11862016, SharedBaseAddress: 0x0000000800000000, ArchiveRelocationMode: 0.
Compressed class space mapped at: 0x0000000800b50000-0x0000000840b50000, size: 1073741824
Narrow klass base: 0x0000000800000000, Narrow klass shift: 3, Narrow klass range: 0x100000000

GC Precious Log:
 CPUs: 4 total, 4 available
 Memory: 4070M
 Large Page Support: Disabled
 NUMA Support: Disabled
 Compressed Oops: Enabled (32-bit)
 Heap Region Size: 1M
 Heap Min Capacity: 8M
 Heap Initial Capacity: 64M
 Heap Max Capacity: 1018M
 Pre-touch: Disabled
 Parallel Workers: 4
 Concurrent Workers: 1
 Concurrent Refinement Workers: 4
 Periodic GC: Disabled

Heap:
 garbage-first heap   total 65536K, used 25213K [0x00000000c0600000, 0x0000000100000000)
  region size 1024K, 21 young (21504K), 5 survivors (5120K)
 Metaspace       used 13442K, capacity 14780K, committed 15104K, reserved 1062912K
  class space    used 1499K, capacity 1693K, committed 1792K, reserved 1048576K

Heap Regions: E=young(eden), S=young(survivor), O=old, HS=humongous(starts), HC=humongous(continues), CS=collection set, F=free, OA=open archive, CA=closed archive, TAMS=top-at-mark-start (previous, next)
|   0|0x00000000c0600000, 0x00000000c0700000, 0x00000000c0700000|100%| O|  |TAMS 0x00000000c0600000, 0x00000000c0600000| Untracked 
|   1|0x00000000c0700000, 0x00000000c0800000, 0x00000000c0800000|100%| O|  |TAMS 0x00000000c0700000, 0x00000000c0700000| Untracked 
|   2|0x00000000c0800000, 0x00000000c0900000, 0x00000000c0900000|100%| O|  |TAMS 0x00000000c0800000, 0x00000000c0800000| Untracked 
|   3|0x00000000c0900000, 0x00000000c0a00000, 0x00000000c0a00000|100%| O|  |TAMS 0x00000000c0900000, 0x00000000c0900000| Untracked 
|   4|0x00000000c0a00000, 0x00000000c0a9f400, 0x00000000c0b00000| 62%| O|  |TAMS 0x00000000c0a00000, 0x00000000c0a00000| Untracked 
|   5|0x00000000c0b00000, 0x00000000c0b00000, 0x00000000c0c00000|  0%| F|  |TAMS 0x00000000c0b00000, 0x00000000c0b00000| Untracked 
|   6|0x00000000c0c00000, 0x00000000c0c00000, 0x00000000c0d00000|  0%| F|  |TAMS 0x00000000c0c00000, 0x00000000c0c00000| Untracked 
|   7|0x00000000c0d00000, 0x00000000c0d00000, 0x00000000c0e00000|  0%| F|  |TAMS 0x00000000c0d00000, 0x00000000c0d00000| Untracked 
|   8|0x00000000c0e00000, 0x00000000c0e00000, 0x00000000c0f00000|  0%| F|  |TAMS 0x00000000c0e00000, 0x00000000c0e00000| Untracked 
|   9|0x00000000c0f00000, 0x00000000c0f00000, 0x00000000c1000000|  0%| F|  |TAMS 0x00000000c0f00000, 0x00000000c0f00000| Untracked 
|  10|0x00000000c1000000, 0x00000000c1000000, 0x00000000c1100000|  0%| F|  |TAMS 0x00000000c1000000, 0x00000000c1000000| Untracked 
|  11|0x00000000c1100000, 0x00000000c1100000, 0x00000000c1200000|  0%| F|  |TAMS 0x00000000c1100000, 0x00000000c1100000| Untracked 
|  12|0x00000000c1200000, 0x00000000c1200000, 0x00000000c1300000|  0%| F|  |TAMS 0x00000000c1200000, 0x00000000c1200000| Untracked 
|  13|0x00000000c1300000, 0x00000000c1300000, 0x00000000c1400000|  0%| F|  |TAMS 0x00000000c1300000, 0x00000000c1300000| Untracked 
|  14|0x00000000c1400000, 0x00000000c1400000, 0x00000000c1500000|  0%| F|  |TAMS 0x00000000c1400000, 0x00000000c1400000| Untracked 
|  15|0x00000000c1500000, 0x00000000c1500000, 0x00000000c1600000|  0%| F|  |TAMS 0x00000000c1500000, 0x00000000c1500000| Untracked 
|  16|0x00000000c1600000, 0x00000000c1600000, 0x00000000c1700000|  0%| F|  |TAMS 0x00000000c1600000, 0x00000000c1600000| Untracked 
|  17|0x00000000c1700000, 0x00000000c1700000, 0x00000000c1800000|  0%| F|  |TAMS 0x00000000c1700000, 0x00000000c1700000| Untracked 
|  18|0x00000000c1800000, 0x00000000c1800000, 0x00000000c1900000|  0%| F|  |TAMS 0x00000000c1800000, 0x00000000c1800000| Untracked 
|  19|0x00000000c1900000, 0x00000000c1900000, 0x00000000c1a00000|  0%| F|  |TAMS 0x00000000c1900000, 0x00000000c1900000| Untracked 
|  20|0x00000000c1a00000, 0x00000000c1a00000, 0x00000000c1b00000|  0%| F|  |TAMS 0x00000000c1a00000, 0x00000000c1a00000| Untracked 
|  21|0x00000000c1b00000, 0x00000000c1c00000, 0x00000000c1c00000|100%| S|CS|TAMS 0x00000000c1b00000, 0x00000000c1b00000| Complete 
|  22|0x00000000c1c00000, 0x00000000c1d00000, 0x00000000c1d00000|100%| S|CS|TAMS 0x00000000c1c00000, 0x00000000c1c00000| Complete 
|  23|0x00000000c1d00000, 0x00000000c1e00000, 0x00000000c1e00000|100%| S|CS|TAMS 0x00000000c1d00000, 0x00000000c1d00000| Complete 
|  24|0x00000000c1e00000, 0x00000000c1f00000, 0x00000000c1f00000|100%| S|CS|TAMS 0x00000000c1e00000, 0x00000000c1e00000| Complete 
|  25|0x00000000c1f00000, 0x00000000c2000000, 0x00000000c2000000|100%| S|CS|TAMS 0x00000000c1f00000, 0x00000000c1f00000| Complete 
|  26|0x00000000c2000000, 0x00000000c2000000, 0x00000000c2100000|  0%| F|  |TAMS 0x00000000c2000000, 0x00000000c2000000| Untracked 
|  27|0x00000000c2100000, 0x00000000c2100000, 0x00000000c2200000|  0%| F|  |TAMS 0x00000000c2100000, 0x00000000c2100000| Untracked 
|  28|0x00000000c2200000, 0x00000000c2200000, 0x00000000c2300000|  0%| F|  |TAMS 0x00000000c2200000, 0x00000000c2200000| Untracked 
|  29|0x00000000c2300000, 0x00000000c2300000, 0x00000000c2400000|  0%| F|  |TAMS 0x00000000c2300000, 0x00000000c2300000| Untracked 
|  30|0x00000000c2400000, 0x00000000c2400000, 0x00000000c2500000|  0%| F|  |TAMS 0x00000000c2400000, 0x00000000c2400000| Untracked 
|  31|0x00000000c2500000, 0x00000000c2500000, 0x00000000c2600000|  0%| F|  |TAMS 0x00000000c2500000, 0x00000000c2500000| Untracked 
|  32|0x00000000c2600000, 0x00000000c2600000, 0x00000000c2700000|  0%| F|  |TAMS 0x00000000c2600000, 0x00000000c2600000| Untracked 
|  33|0x00000000c2700000, 0x00000000c2700000, 0x00000000c2800000|  0%| F|  |TAMS 0x00000000c2700000, 0x00000000c2700000| Untracked 
|  34|0x00000000c2800000, 0x00000000c2800000, 0x00000000c2900000|  0%| F|  |TAMS 0x00000000c2800000, 0x00000000c2800000| Untracked 
|  35|0x00000000c2900000, 0x00000000c2900000, 0x00000000c2a00000|  0%| F|  |TAMS 0x00000000c2900000, 0x00000000c2900000| Untracked 
|  36|0x00000000c2a00000, 0x00000000c2a00000, 0x00000000c2b00000|  0%| F|  |TAMS 0x00000000c2a00000, 0x00000000c2a00000| Untracked 
|  37|0x00000000c2b00000, 0x00000000c2b00000, 0x00000000c2c00000|  0%| F|  |TAMS 0x00000000c2b00000, 0x00000000c2b00000| Untracked 
|  38|0x00000000c2c00000, 0x00000000c2c00000, 0x00000000c2d00000|  0%| F|  |TAMS 0x00000000c2c00000, 0x00000000c2c00000| Untracked 
|  39|0x00000000c2d00000, 0x00000000c2d00000, 0x00000000c2e00000|  0%| F|  |TAMS 0x00000000c2d00000, 0x00000000c2d00000| Untracked 
|  40|0x00000000c2e00000, 0x00000000c2e00000, 0x00000000c2f00000|  0%| F|  |TAMS 0x00000000c2e00000, 0x00000000c2e00000| Untracked 
|  41|0x00000000c2f00000, 0x00000000c2f00000, 0x00000000c3000000|  0%| F|  |TAMS 0x00000000c2f00000, 0x00000000c2f00000| Untracked 
|  42|0x00000000c3000000, 0x00000000c3000000, 0x00000000c3100000|  0%| F|  |TAMS 0x00000000c3000000, 0x00000000c3000000| Untracked 
|  43|0x00000000c3100000, 0x00000000c3100000, 0x00000000c3200000|  0%| F|  |TAMS 0x00000000c3100000, 0x00000000c3100000| Untracked 
|  44|0x00000000c3200000, 0x00000000c3200000, 0x00000000c3300000|  0%| F|  |TAMS 0x00000000c3200000, 0x00000000c3200000| Untracked 
|  45|0x00000000c3300000, 0x00000000c3300000, 0x00000000c3400000|  0%| F|  |TAMS 0x00000000c3300000, 0x00000000c3300000| Untracked 
|  46|0x00000000c3400000, 0x00000000c3400000, 0x00000000c3500000|  0%| F|  |TAMS 0x00000000c3400000, 0x00000000c3400000| Untracked 
|  47|0x00000000c3500000, 0x00000000c3500000, 0x00000000c3600000|  0%| F|  |TAMS 0x00000000c3500000, 0x00000000c3500000| Untracked 
|  48|0x00000000c3600000, 0x00000000c3680800, 0x00000000c3700000| 50%| E|  |TAMS 0x00000000c3600000, 0x00000000c3600000| Complete 
|  49|0x00000000c3700000, 0x00000000c3800000, 0x00000000c3800000|100%| E|CS|TAMS 0x00000000c3700000, 0x00000000c3700000| Complete 
|  50|0x00000000c3800000, 0x00000000c3900000, 0x00000000c3900000|100%| E|CS|TAMS 0x00000000c3800000, 0x00000000c3800000| Complete 
|  51|0x00000000c3900000, 0x00000000c3a00000, 0x00000000c3a00000|100%| E|CS|TAMS 0x00000000c3900000, 0x00000000c3900000| Complete 
|  52|0x00000000c3a00000, 0x00000000c3b00000, 0x00000000c3b00000|100%| E|CS|TAMS 0x00000000c3a00000, 0x00000000c3a00000| Complete 
|  53|0x00000000c3b00000, 0x00000000c3c00000, 0x00000000c3c00000|100%| E|CS|TAMS 0x00000000c3b00000, 0x00000000c3b00000| Complete 
|  54|0x00000000c3c00000, 0x00000000c3d00000, 0x00000000c3d00000|100%| E|CS|TAMS 0x00000000c3c00000, 0x00000000c3c00000| Complete 
|  55|0x00000000c3d00000, 0x00000000c3e00000, 0x00000000c3e00000|100%| E|CS|TAMS 0x00000000c3d00000, 0x00000000c3d00000| Complete 
|  56|0x00000000c3e00000, 0x00000000c3f00000, 0x00000000c3f00000|100%| E|CS|TAMS 0x00000000c3e00000, 0x00000000c3e00000| Complete 
|  57|0x00000000c3f00000, 0x00000000c4000000, 0x00000000c4000000|100%| E|CS|TAMS 0x00000000c3f00000, 0x00000000c3f00000| Complete 
|  58|0x00000000c4000000, 0x00000000c4100000, 0x00000000c4100000|100%| E|CS|TAMS 0x00000000c4000000, 0x00000000c4000000| Complete 
|  59|0x00000000c4100000, 0x00000000c4200000, 0x00000000c4200000|100%| E|CS|TAMS 0x00000000c4100000, 0x00000000c4100000| Complete 
|  60|0x00000000c4200000, 0x00000000c4300000, 0x00000000c4300000|100%| E|CS|TAMS 0x00000000c4200000, 0x00000000c4200000| Complete 
|  61|0x00000000c4300000, 0x00000000c4400000, 0x00000000c4400000|100%| E|CS|TAMS 0x00000000c4300000, 0x00000000c4300000| Complete 
|  62|0x00000000c4400000, 0x00000000c4500000, 0x00000000c4500000|100%| E|CS|TAMS 0x00000000c4400000, 0x00000000c4400000| Complete 
|  63|0x00000000c4500000, 0x00000000c4600000, 0x00000000c4600000|100%| E|CS|TAMS 0x00000000c4500000, 0x00000000c4500000| Complete 

Card table byte_map: [0x000001e8c5a40000,0x000001e8c5c40000] _byte_map_base: 0x000001e8c543d000

Marking Bits (Prev, Next): (CMBitMap*) 0x000001e8ae6358b0, (CMBitMap*) 0x000001e8ae6358f0
 Prev Bits: [0x000001e8c5e40000, 0x000001e8c6e28000)
 Next Bits: [0x000001e8c6e30000, 0x000001e8c7e18000)

Polling page: 0x000001e8ac610000

Metaspace:

Usage:
  Non-class:     12.78 MB capacity,    11.66 MB ( 91%) used,     1.10 MB (  9%) free+waste,    13.75 KB ( <1%) overhead. 
      Class:      1.65 MB capacity,     1.46 MB ( 89%) used,   188.07 KB ( 11%) free+waste,     5.50 KB ( <1%) overhead. 
       Both:     14.43 MB capacity,    13.13 MB ( 91%) used,     1.29 MB (  9%) free+waste,    19.25 KB ( <1%) overhead. 

Virtual space:
  Non-class space:       14.00 MB reserved,      13.00 MB ( 93%) committed 
      Class space:        1.00 GB reserved,       1.75 MB ( <1%) committed 
             Both:        1.01 GB reserved,      14.75 MB (  1%) committed 

Chunk freelists:
   Non-Class:  33.00 KB
       Class:  3.00 KB
        Both:  36.00 KB

MaxMetaspaceSize: 17179869184.00 GB
CompressedClassSpaceSize: 1.00 GB

CodeHeap 'non-profiled nmethods': size=120000Kb used=1392Kb max_used=1392Kb free=118607Kb
 bounds [0x000001e8be310000, 0x000001e8be580000, 0x000001e8c5840000]
CodeHeap 'profiled nmethods': size=120000Kb used=5761Kb max_used=5761Kb free=114238Kb
 bounds [0x000001e8b6de0000, 0x000001e8b7390000, 0x000001e8be310000]
CodeHeap 'non-nmethods': size=5760Kb used=1204Kb max_used=1230Kb free=4555Kb
 bounds [0x000001e8b6840000, 0x000001e8b6ab0000, 0x000001e8b6de0000]
 total_blobs=3487 nmethods=3020 adapters=379
 compilation: enabled
              stopped_count=0, restarted_count=0
 full_count=0

Compilation events (20 events):
Event: 46.578 Thread 0x000001e8ca2cd9a0 3016       1       org.apache.maven.model.License::getName (5 bytes)
Event: 46.579 Thread 0x000001e8ca2cd9a0 nmethod 3016 0x000001e8be46b090 code [0x000001e8be46b220, 0x000001e8be46b2d8]
Event: 46.579 Thread 0x000001e8ca2cd9a0 3017       1       org.apache.maven.model.License::getUrl (5 bytes)
Event: 46.579 Thread 0x000001e8ca2cd9a0 nmethod 3017 0x000001e8be46b390 code [0x000001e8be46b520, 0x000001e8be46b5d8]
Event: 46.579 Thread 0x000001e8ca2cd9a0 3018       1       org.apache.maven.model.License::getDistribution (5 bytes)
Event: 46.579 Thread 0x000001e8ca2cd9a0 nmethod 3018 0x000001e8be46b690 code [0x000001e8be46b820, 0x000001e8be46b8d8]
Event: 46.579 Thread 0x000001e8ca2cd9a0 3019       1       org.apache.maven.model.License::getComments (5 bytes)
Event: 46.579 Thread 0x000001e8ca2cd9a0 nmethod 3019 0x000001e8be46b990 code [0x000001e8be46bb20, 0x000001e8be46bbd8]
Event: 46.597 Thread 0x000001e8ca2cd9a0 3020       3       java.nio.charset.Charset::isSupported (13 bytes)
Event: 46.598 Thread 0x000001e8ca2cd9a0 nmethod 3020 0x000001e8b737de10 code [0x000001e8b737dfc0, 0x000001e8b737e128]
Event: 46.598 Thread 0x000001e8ca2cd9a0 3021       3       java.nio.charset.Charset::forName (20 bytes)
Event: 46.598 Thread 0x000001e8ca2cd9a0 nmethod 3021 0x000001e8b737e210 code [0x000001e8b737e3c0, 0x000001e8b737e598]
Event: 46.598 Thread 0x000001e8ca2cd9a0 3022       3       java.util.RegularEnumSet::contains (57 bytes)
Event: 46.598 Thread 0x000001e8ca2cd9a0 nmethod 3022 0x000001e8b737e690 code [0x000001e8b737e860, 0x000001e8b737ec68]
Event: 46.598 Thread 0x000001e8ca2cd9a0 3023   !   3       java.util.AbstractMap::equals (145 bytes)
Event: 46.599 Thread 0x000001e8ca2cd9a0 nmethod 3023 0x000001e8b737ed90 code [0x000001e8b737f040, 0x000001e8b7380158]
Event: 46.599 Thread 0x000001e8ca2cd9a0 3024       1       org.eclipse.aether.resolution.ArtifactDescriptorResult::getArtifact (5 bytes)
Event: 46.599 Thread 0x000001e8ca2cd9a0 nmethod 3024 0x000001e8be46bc90 code [0x000001e8be46be20, 0x000001e8be46bed8]
Event: 46.623 Thread 0x000001e8ca2cd9a0 3025       1       java.lang.StringCoding$StringDecoder::requestedCharsetName (5 bytes)
Event: 46.624 Thread 0x000001e8ca2cd9a0 nmethod 3025 0x000001e8be46bf90 code [0x000001e8be46c120, 0x000001e8be46c1d8]

GC Heap History (8 events):
Event: 28.156 GC heap before
{Heap before GC invocations=0 (full 0):
 garbage-first heap   total 65536K, used 13312K [0x00000000c0600000, 0x0000000100000000)
  region size 1024K, 13 young (13312K), 0 survivors (0K)
 Metaspace       used 4167K, capacity 6696K, committed 6912K, reserved 1056768K
  class space    used 434K, capacity 700K, committed 768K, reserved 1048576K
}
Event: 28.202 GC heap after
{Heap after GC invocations=1 (full 0):
 garbage-first heap   total 65536K, used 3296K [0x00000000c0600000, 0x0000000100000000)
  region size 1024K, 2 young (2048K), 2 survivors (2048K)
 Metaspace       used 4167K, capacity 6696K, committed 6912K, reserved 1056768K
  class space    used 434K, capacity 700K, committed 768K, reserved 1048576K
}
Event: 28.951 GC heap before
{Heap before GC invocations=1 (full 0):
 garbage-first heap   total 65536K, used 15584K [0x00000000c0600000, 0x0000000100000000)
  region size 1024K, 14 young (14336K), 2 survivors (2048K)
 Metaspace       used 5802K, capacity 7819K, committed 8064K, reserved 1056768K
  class space    used 666K, capacity 861K, committed 896K, reserved 1048576K
}
Event: 28.955 GC heap after
{Heap after GC invocations=2 (full 0):
 garbage-first heap   total 65536K, used 4121K [0x00000000c0600000, 0x0000000100000000)
  region size 1024K, 1 young (1024K), 1 survivors (1024K)
 Metaspace       used 5802K, capacity 7819K, committed 8064K, reserved 1056768K
  class space    used 666K, capacity 861K, committed 896K, reserved 1048576K
}
Event: 29.856 GC heap before
{Heap before GC invocations=2 (full 0):
 garbage-first heap   total 65536K, used 27673K [0x00000000c0600000, 0x0000000100000000)
  region size 1024K, 24 young (24576K), 1 survivors (1024K)
 Metaspace       used 10075K, capacity 11811K, committed 12032K, reserved 1060864K
  class space    used 1197K, capacity 1419K, committed 1536K, reserved 1048576K
}
Event: 29.861 GC heap after
{Heap after GC invocations=3 (full 0):
 garbage-first heap   total 65536K, used 5240K [0x00000000c0600000, 0x0000000100000000)
  region size 1024K, 2 young (2048K), 2 survivors (2048K)
 Metaspace       used 10075K, capacity 11811K, committed 12032K, reserved 1060864K
  class space    used 1197K, capacity 1419K, committed 1536K, reserved 1048576K
}
Event: 44.723 GC heap before
{Heap before GC invocations=3 (full 0):
 garbage-first heap   total 65536K, used 42104K [0x00000000c0600000, 0x0000000100000000)
  region size 1024K, 38 young (38912K), 2 survivors (2048K)
 Metaspace       used 13319K, capacity 14703K, committed 14848K, reserved 1062912K
  class space    used 1496K, capacity 1689K, committed 1792K, reserved 1048576K
}
Event: 44.737 GC heap after
{Heap after GC invocations=4 (full 0):
 garbage-first heap   total 65536K, used 9853K [0x00000000c0600000, 0x0000000100000000)
  region size 1024K, 5 young (5120K), 5 survivors (5120K)
 Metaspace       used 13319K, capacity 14703K, committed 14848K, reserved 1062912K
  class space    used 1496K, capacity 1689K, committed 1792K, reserved 1048576K
}

Deoptimization events (20 events):
Event: 44.741 Thread 0x000001e8ae605d60 DEOPT PACKING pc=0x000001e8be44f800 sp=0x000000a125ffbaa0
Event: 44.742 Thread 0x000001e8ae605d60 DEOPT UNPACKING pc=0x000001e8b688e42f sp=0x000000a125ffba50 mode 2
Event: 45.683 Thread 0x000001e8ae605d60 Uncommon trap: trap_request=0xffffff45 fr.pc=0x000001e8be43d140 relative=0x00000000000000a0
Event: 45.683 Thread 0x000001e8ae605d60 Uncommon trap: reason=unstable_if action=reinterpret pc=0x000001e8be43d140 method=org.apache.maven.model.io.xpp3.MavenXpp3Reader.nextTag(Lorg/codehaus/plexus/util/xml/pull/XmlPullParser;)I @ 9 c2
Event: 45.683 Thread 0x000001e8ae605d60 DEOPT PACKING pc=0x000001e8be43d140 sp=0x000000a125ffc640
Event: 45.683 Thread 0x000001e8ae605d60 DEOPT UNPACKING pc=0x000001e8b688e42f sp=0x000000a125ffc5d0 mode 2
Event: 45.783 Thread 0x000001e8ae605d60 Uncommon trap: trap_request=0xffffffcc fr.pc=0x000001e8be458e94 relative=0x00000000000001f4
Event: 45.783 Thread 0x000001e8ae605d60 Uncommon trap: reason=intrinsic_or_type_checked_inlining action=make_not_entrant pc=0x000001e8be458e94 method=java.util.Arrays.copyOf([Ljava/lang/Object;ILjava/lang/Class;)[Ljava/lang/Object; @ 35 c2
Event: 45.783 Thread 0x000001e8ae605d60 DEOPT PACKING pc=0x000001e8be458e94 sp=0x000000a125ffc450
Event: 45.783 Thread 0x000001e8ae605d60 DEOPT UNPACKING pc=0x000001e8b688e42f sp=0x000000a125ffc3e0 mode 2
Event: 46.030 Thread 0x000001e8ae605d60 Uncommon trap: trap_request=0xffffff45 fr.pc=0x000001e8be43a2b0 relative=0x0000000000001ff0
Event: 46.030 Thread 0x000001e8ae605d60 Uncommon trap: reason=unstable_if action=reinterpret pc=0x000001e8be43a2b0 method=org.codehaus.plexus.util.xml.pull.MXParser.parseAttribute()C @ 1002 c2
Event: 46.030 Thread 0x000001e8ae605d60 DEOPT PACKING pc=0x000001e8be43a2b0 sp=0x000000a125ffc600
Event: 46.030 Thread 0x000001e8ae605d60 DEOPT UNPACKING pc=0x000001e8b688e42f sp=0x000000a125ffc578 mode 2
Event: 46.064 Thread 0x000001e8ae605d60 DEOPT PACKING pc=0x000001e8b7135419 sp=0x000000a125ffc690
Event: 46.064 Thread 0x000001e8ae605d60 DEOPT UNPACKING pc=0x000001e8b688e23f sp=0x000000a125ffbb80 mode 0
Event: 46.558 Thread 0x000001e8ae605d60 Uncommon trap: trap_request=0xffffffc6 fr.pc=0x000001e8be447358 relative=0x0000000000001158
Event: 46.558 Thread 0x000001e8ae605d60 Uncommon trap: reason=bimorphic_or_optimized_type_check action=maybe_recompile pc=0x000001e8be447358 method=java.util.HashMap.putVal(ILjava/lang/Object;Ljava/lang/Object;ZZ)Ljava/lang/Object; @ 203 c2
Event: 46.558 Thread 0x000001e8ae605d60 DEOPT PACKING pc=0x000001e8be447358 sp=0x000000a125ffc9c0
Event: 46.558 Thread 0x000001e8ae605d60 DEOPT UNPACKING pc=0x000001e8b688e42f sp=0x000000a125ffc950 mode 2

Classes unloaded (0 events):
No events

Classes redefined (0 events):
No events

Internal exceptions (11 events):
Event: 13.780 Thread 0x000001e8ae605d60 Exception <a 'java/lang/NoSuchMethodError'{0x00000000c42a8598}: 'void java.lang.invoke.DirectMethodHandle$Holder.invokeStatic(java.lang.Object, java.lang.Object)'> (0x00000000c42a8598) 
thrown [./open/src/hotspot/share/interpreter/linkResolver.cpp, line 782]
Event: 13.781 Thread 0x000001e8ae605d60 Exception <a 'java/lang/NoSuchMethodError'{0x00000000c42ac358}: 'void java.lang.invoke.DirectMethodHandle$Holder.invokeStaticInit(java.lang.Object, java.lang.Object)'> (0x00000000c42ac358) 
thrown [./open/src/hotspot/share/interpreter/linkResolver.cpp, line 782]
Event: 13.842 Thread 0x000001e8ae605d60 Exception <a 'java/lang/NoSuchMethodError'{0x00000000c42d32e0}: 'java.lang.Object java.lang.invoke.DirectMethodHandle$Holder.invokeStatic(java.lang.Object)'> (0x00000000c42d32e0) 
thrown [./open/src/hotspot/share/interpreter/linkResolver.cpp, line 782]
Event: 13.849 Thread 0x000001e8ae605d60 Exception <a 'java/lang/NoSuchMethodError'{0x00000000c42dd648}: 'java.lang.Object java.lang.invoke.DirectMethodHandle$Holder.invokeStaticInit(java.lang.Object, int, int, int, int)'> (0x00000000c42dd648) 
thrown [./open/src/hotspot/share/interpreter/linkResolver.cpp, line 782]
Event: 25.024 Thread 0x000001e8ae605d60 Exception <a 'java/lang/NoSuchMethodError'{0x00000000c41acde8}: 'java.lang.Object java.lang.invoke.DirectMethodHandle$Holder.invokeStaticInit(java.lang.Object, java.lang.Object, int, int, int, int)'> (0x00000000c41acde8) 
thrown [./open/src/hotspot/share/interpreter/linkResolver.cpp, line 782]
Event: 27.643 Thread 0x000001e8ae605d60 Exception <a 'java/lang/NoSuchMethodError'{0x00000000c3b3d390}: 'void java.lang.invoke.DirectMethodHandle$Holder.invokeSpecial(java.lang.Object, java.lang.Object, java.lang.Object)'> (0x00000000c3b3d390) 
thrown [./open/src/hotspot/share/interpreter/linkResolver.cpp, line 782]
Event: 28.460 Thread 0x000001e8ae605d60 Exception <a 'java/lang/NoSuchMethodError'{0x00000000c4331e88}: 'java.lang.Object java.lang.invoke.DirectMethodHandle$Holder.newInvokeSpecial(java.lang.Object, java.lang.Object, java.lang.Object, java.lang.Object, java.lang.Object)'> (0x00000000c4331e88) 
thrown [./open/src/hotspot/share/interpreter/linkResolver.cpp, line 782]
Event: 30.010 Thread 0x000001e8ae605d60 Exception <a 'java/lang/NoClassDefFoundError'{0x00000000c4238a18}: com/google/inject/servlet/ServletModuleTargetVisitor> (0x00000000c4238a18) 
thrown [./open/src/hotspot/share/classfile/systemDictionary.cpp, line 284]
Event: 30.010 Thread 0x000001e8ae605d60 Exception <a 'java/lang/NoClassDefFoundError'{0x00000000c423a2b0}: javax/annotation/Priority> (0x00000000c423a2b0) 
thrown [./open/src/hotspot/share/classfile/systemDictionary.cpp, line 284]
Event: 30.341 Thread 0x000001e8ae605d60 Implicit null exception at 0x000001e8be331c74 to 0x000001e8be332214
Event: 30.341 Thread 0x000001e8ae605d60 Implicit null exception at 0x000001e8be34b8f4 to 0x000001e8be34beb0

Events (20 events):
Event: 30.708 loading class java/nio/channels/spi/AbstractInterruptibleChannel$1
Event: 30.708 loading class sun/nio/ch/Interruptible
Event: 30.708 loading class sun/nio/ch/Interruptible done
Event: 30.708 loading class java/nio/channels/spi/AbstractInterruptibleChannel$1 done
Event: 31.041 loading class java/lang/Short$ShortCache
Event: 31.085 loading class java/lang/Short$ShortCache done
Event: 31.085 loading class java/lang/Byte$ByteCache
Event: 31.085 loading class java/lang/Byte$ByteCache done
Event: 31.202 Executing VM operation: HandshakeAllThreads
Event: 31.203 Executing VM operation: HandshakeAllThreads done
Event: 32.422 Thread 0x000001e8ccaa1a50 Thread added: 0x000001e8ccaa1a50
Event: 32.693 Thread 0x000001e8ccaa1a50 Thread exited: 0x000001e8ccaa1a50
Event: 38.510 loading class java/util/LinkedList$ListItr
Event: 38.545 loading class java/util/LinkedList$ListItr done
Event: 38.817 loading class java/util/TreeMap$Values
Event: 38.817 loading class java/util/TreeMap$Values done
Event: 38.817 loading class java/util/TreeMap$ValueIterator
Event: 38.840 loading class java/util/TreeMap$ValueIterator done
Event: 44.722 Executing VM operation: G1CollectForAllocation
Event: 44.739 Executing VM operation: G1CollectForAllocation done


Dynamic libraries:
0x00007ff6bd1c0000 - 0x00007ff6bd1cf000 	C:\Program Files\Java\jdk-15.0.1\bin\javaw.exe
0x00007ff9eabd0000 - 0x00007ff9eadc6000 	C:\WINDOWS\SYSTEM32\ntdll.dll
0x00007ff9ce700000 - 0x00007ff9ce712000 	C:\Program Files\Avast Software\Avast\aswhook.dll
0x00007ff9ea530000 - 0x00007ff9ea5ed000 	C:\WINDOWS\System32\KERNEL32.DLL
0x00007ff9e8470000 - 0x00007ff9e8739000 	C:\WINDOWS\System32\KERNELBASE.dll
0x00007ff9e8310000 - 0x00007ff9e8410000 	C:\WINDOWS\System32\ucrtbase.dll
0x00007ff9d4a00000 - 0x00007ff9d4a18000 	C:\Program Files\Java\jdk-15.0.1\bin\jli.dll
0x00007ff9e95d0000 - 0x00007ff9e967c000 	C:\WINDOWS\System32\ADVAPI32.dll
0x00007ff9e8c30000 - 0x00007ff9e8cce000 	C:\WINDOWS\System32\msvcrt.dll
0x00007ff9e9040000 - 0x00007ff9e90dc000 	C:\WINDOWS\System32\sechost.dll
0x00007ff9e90e0000 - 0x00007ff9e920b000 	C:\WINDOWS\System32\RPCRT4.dll
0x00007ff9e9430000 - 0x00007ff9e95d0000 	C:\WINDOWS\System32\USER32.dll
0x00007ff9e89b0000 - 0x00007ff9e89d2000 	C:\WINDOWS\System32\win32u.dll
0x00007ff9e8d60000 - 0x00007ff9e8d8a000 	C:\WINDOWS\System32\GDI32.dll
0x00007ff9e88a0000 - 0x00007ff9e89ab000 	C:\WINDOWS\System32\gdi32full.dll
0x00007ff9e8a10000 - 0x00007ff9e8aad000 	C:\WINDOWS\System32\msvcp_win.dll
0x00007ff9d3a40000 - 0x00007ff9d3a59000 	C:\Program Files\Java\jdk-15.0.1\bin\VCRUNTIME140.dll
0x00007ff9d1580000 - 0x00007ff9d181b000 	C:\WINDOWS\WinSxS\amd64_microsoft.windows.common-controls_6595b64144ccf1df_6.0.19041.746_none_ca02b4b61b8320a4\COMCTL32.dll
0x00007ff9e30d0000 - 0x00007ff9e30da000 	C:\WINDOWS\SYSTEM32\VERSION.dll
0x00007ff9e8cd0000 - 0x00007ff9e8d00000 	C:\WINDOWS\System32\IMM32.DLL
0x00007ff9e2930000 - 0x00007ff9e293c000 	C:\Program Files\Java\jdk-15.0.1\bin\vcruntime140_1.dll
0x00007ff9d09c0000 - 0x00007ff9d0a51000 	C:\Program Files\Java\jdk-15.0.1\bin\msvcp140.dll
0x00007ff9b7ae0000 - 0x00007ff9b863e000 	C:\Program Files\Java\jdk-15.0.1\bin\server\jvm.dll
0x00007ff9eaa30000 - 0x00007ff9eaa38000 	C:\WINDOWS\System32\PSAPI.DLL
0x00007ff9dc680000 - 0x00007ff9dc689000 	C:\WINDOWS\SYSTEM32\WSOCK32.dll
0x00007ff9e93c0000 - 0x00007ff9e942b000 	C:\WINDOWS\System32\WS2_32.dll
0x00007ff9d9ee0000 - 0x00007ff9d9f07000 	C:\WINDOWS\SYSTEM32\WINMM.dll
0x00007ff9e6290000 - 0x00007ff9e62a2000 	C:\WINDOWS\SYSTEM32\kernel.appcore.dll
0x00007ff9df390000 - 0x00007ff9df39a000 	C:\Program Files\Java\jdk-15.0.1\bin\jimage.dll
0x00007ff9e2dc0000 - 0x00007ff9e2fa4000 	C:\WINDOWS\SYSTEM32\DBGHELP.DLL
0x00007ff9e2d90000 - 0x00007ff9e2dbc000 	C:\WINDOWS\SYSTEM32\dbgcore.DLL
0x00007ff9e8bb0000 - 0x00007ff9e8c30000 	C:\WINDOWS\System32\bcryptPrimitives.dll
0x00007ff9d30b0000 - 0x00007ff9d30d5000 	C:\Program Files\Java\jdk-15.0.1\bin\java.dll
0x00007ff9e9ca0000 - 0x00007ff9ea3e3000 	C:\WINDOWS\System32\SHELL32.dll
0x00007ff9e6490000 - 0x00007ff9e6c1f000 	C:\WINDOWS\SYSTEM32\windows.storage.dll
0x00007ff9ea6d0000 - 0x00007ff9eaa26000 	C:\WINDOWS\System32\combase.dll
0x00007ff9e7d70000 - 0x00007ff9e7d9c000 	C:\WINDOWS\SYSTEM32\Wldp.dll
0x00007ff9e8f30000 - 0x00007ff9e8fde000 	C:\WINDOWS\System32\SHCORE.dll
0x00007ff9e8d00000 - 0x00007ff9e8d55000 	C:\WINDOWS\System32\shlwapi.dll
0x00007ff9e8240000 - 0x00007ff9e8266000 	C:\WINDOWS\SYSTEM32\profapi.dll
0x00007ff9d1370000 - 0x00007ff9d1389000 	C:\Program Files\Java\jdk-15.0.1\bin\net.dll
0x00007ff9e0150000 - 0x00007ff9e0250000 	C:\WINDOWS\SYSTEM32\WINHTTP.dll
0x00007ff9e7af0000 - 0x00007ff9e7b5a000 	C:\WINDOWS\system32\mswsock.dll
0x00007ff9d1260000 - 0x00007ff9d1272000 	C:\Program Files\Java\jdk-15.0.1\bin\nio.dll
0x00007ff9d09a0000 - 0x00007ff9d09b8000 	C:\Program Files\Java\jdk-15.0.1\bin\zip.dll
0x00007ff9d7de0000 - 0x00007ff9d7df0000 	C:\Program Files\Java\jdk-15.0.1\bin\verify.dll
0x00007ff9e7cc0000 - 0x00007ff9e7cd8000 	C:\WINDOWS\SYSTEM32\CRYPTSP.dll
0x00007ff9e7420000 - 0x00007ff9e7454000 	C:\WINDOWS\system32\rsaenh.dll
0x00007ff9e89e0000 - 0x00007ff9e8a07000 	C:\WINDOWS\System32\bcrypt.dll
0x00007ff9e81c0000 - 0x00007ff9e81ee000 	C:\WINDOWS\SYSTEM32\USERENV.dll
0x00007ff9e7ce0000 - 0x00007ff9e7cec000 	C:\WINDOWS\SYSTEM32\CRYPTBASE.dll
0x00007ff9e7790000 - 0x00007ff9e77cb000 	C:\WINDOWS\SYSTEM32\IPHLPAPI.DLL
0x00007ff9e8e70000 - 0x00007ff9e8e78000 	C:\WINDOWS\System32\NSI.dll
0x00007ff9e06e0000 - 0x00007ff9e06f7000 	C:\WINDOWS\SYSTEM32\dhcpcsvc6.DLL
0x00007ff9e06c0000 - 0x00007ff9e06dd000 	C:\WINDOWS\SYSTEM32\dhcpcsvc.DLL
0x00007ff9e77e0000 - 0x00007ff9e78ab000 	C:\WINDOWS\SYSTEM32\DNSAPI.dll
0x00007ff9d6f80000 - 0x00007ff9d6f8a000 	C:\Users\fujitsu\AppData\Local\Temp\jansi-1.17.1-17260189076700205310.dll
0x00007ff9d6f60000 - 0x00007ff9d6f6a000 	C:\Users\fujitsu\AppData\Local\Temp\jansi-1.17.1-7466192540126079115.dll

dbghelp: loaded successfully - version: 4.0.5 - missing functions: none
symbol engine: initialized successfully - sym options: 0x614 - pdb path: .;C:\Program Files\Java\jdk-15.0.1\bin;C:\WINDOWS\SYSTEM32;C:\Program Files\Avast Software\Avast;C:\WINDOWS\WinSxS\amd64_microsoft.windows.common-controls_6595b64144ccf1df_6.0.19041.746_none_ca02b4b61b8320a4;C:\Program Files\Java\jdk-15.0.1\bin\server;C:\Users\fujitsu\AppData\Local\Temp

VM Arguments:
jvm_args: -Dmaven.home=C:\apache-maven-3.6.3 -Dclassworlds.conf=C:\Users\fujitsu\eclipse-workspace\.metadata\.plugins\org.eclipse.m2e.launching\launches\m2conf13793325934200762509.tmp -Dmaven.multiModuleProjectDirectory=C:\Users\fujitsu\Desktop\projet1\classevirtuelle -Dfile.encoding=Cp1252 -XX:+ShowCodeDetailsInExceptionMessages 
java_command: org.codehaus.plexus.classworlds.launcher.Launcher -B -Dmaven.test.skip=true -DskipTests -gs C:\apache-maven-3.6.3\com.classroom.virtualclassroom.conf\settings.xml -s C:\apache-maven-3.6.3\com.classroom.virtualclassroom.conf\settings.xml clean install
java_class_path (initial): C:\apache-maven-3.6.3\boot\plexus-classworlds-2.6.0.jar
Launcher Type: SUN_STANDARD

[Global flags]
     intx CICompilerCount                          = 3                                         {product} {ergonomic}
     uint ConcGCThreads                            = 1                                         {product} {ergonomic}
     uint G1ConcRefinementThreads                  = 4                                         {product} {ergonomic}
   size_t G1HeapRegionSize                         = 1048576                                   {product} {ergonomic}
    uintx GCDrainStackTargetSize                   = 64                                        {product} {ergonomic}
   size_t InitialHeapSize                          = 67108864                                  {product} {ergonomic}
   size_t MarkStackSize                            = 4194304                                   {product} {ergonomic}
   size_t MaxHeapSize                              = 1067450368                                {product} {ergonomic}
   size_t MaxNewSize                               = 639631360                                 {product} {ergonomic}
   size_t MinHeapDeltaBytes                        = 1048576                                   {product} {ergonomic}
   size_t MinHeapSize                              = 8388608                                   {product} {ergonomic}
    uintx NonNMethodCodeHeapSize                   = 5832780                                {pd product} {ergonomic}
    uintx NonProfiledCodeHeapSize                  = 122912730                              {pd product} {ergonomic}
    uintx ProfiledCodeHeapSize                     = 122912730                              {pd product} {ergonomic}
    uintx ReservedCodeCacheSize                    = 251658240                              {pd product} {ergonomic}
     bool SegmentedCodeCache                       = true                                      {product} {ergonomic}
     bool ShowCodeDetailsInExceptionMessages       = true                                   {manageable} {command line}
   size_t SoftMaxHeapSize                          = 1067450368                             {manageable} {ergonomic}
     bool UseCompressedClassPointers               = true                                 {lp64_product} {ergonomic}
     bool UseCompressedOops                        = true                                 {lp64_product} {ergonomic}
     bool UseG1GC                                  = true                                      {product} {ergonomic}
     bool UseLargePagesIndividualAllocation        = false                                  {pd product} {ergonomic}

Logging:
Log output configuration:
 #0: stdout all=warning uptime,level,tags
 #1: stderr all=off uptime,level,tags

Environment Variables:
PATH=C:/Users/fujitsu/.p2/pool/plugins/org.eclipse.justj.openjdk.hotspot.jre.full.win32.x86_64_14.0.2.v20200815-0932/jre/bin/server;C:/Users/fujitsu/.p2/pool/plugins/org.eclipse.justj.openjdk.hotspot.jre.full.win32.x86_64_14.0.2.v20200815-0932/jre/bin;C:\Program Files\Common Files\Oracle\Java\javapath;C:\WINDOWS\system32;C:\WINDOWS;C:\WINDOWS\System32\Wbem;C:\WINDOWS\System32\WindowsPowerShell\v1.0\;C:\WINDOWS\System32\OpenSSH\;C:\Program Files\Git\cmd;C:\Program Files\nodejs\;C:\Program Files (x86)\Yarn\bin\;C:\composer;C:\Program Files\Symfony;C:\apache-maven-3.6.3\bin;C:\Users\fujitsu\AppData\Local\Microsoft\WindowsApps;C:\Users\fujitsu\AppData\Roaming\npm;C:\Users\fujitsu\AppData\Local\Yarn\bin;C:\Users\fujitsu\AppData\Local\Programs\Microsoft VS Code\bin;C:\Program Files\JetBrains\WebStorm 2020.2.2\bin;;C:\wamp64\bin\php\php7.4.9;C:\Users\fujitsu\AppData\Roaming\Composer\vendor\bin;C:\Program Files\JetBrains\IntelliJ IDEA Educational Edition 2020.3\bin;;C:\Users\fujitsu\Desktop;
USERNAME=fujitsu
OS=Windows_NT
PROCESSOR_IDENTIFIER=Intel64 Family 6 Model 42 Stepping 7, GenuineIntel



---------------  S Y S T E M  ---------------

OS:
 Windows 10 , 64 bit Build 19041 (10.0.19041.662)
OS uptime: 3 days 23:23 hours

CPU: total 4 (initial active 4) (4 cores per cpu, 1 threads per core) family 6 model 42 stepping 7 microcode 0x2f, cmov, cx8, fxsr, mmx, sse, sse2, sse3, ssse3, sse4.1, sse4.2, popcnt, vzeroupper, avx, aes, clmul, tsc, tscinvbit, clflush

Memory: 4k page, system-wide physical 4070M (312M free)
TotalPageFile size 16358M (AvailPageFile size 14M)
current process WorkingSet (physical memory assigned to process): 119M, peak: 119M
current process commit charge ("private bytes"): 172M, peak: 181M

vm_info: Java HotSpot(TM) 64-Bit Server VM (15.0.1+9-18) for windows-amd64 JRE (15.0.1+9-18), built on Sep 15 2020 14:43:54 by "mach5one" with unknown MS VC++:1925

END.
