#
# There is insufficient memory for the Java Runtime Environment to continue.
# Native memory allocation (mmap) failed to map 67108864 bytes for G1 virtual space
# Possible reasons:
#   The system is out of physical RAM or swap space
#   The process is running with CompressedOops enabled, and the Java Heap may be blocking the growth of the native heap
# Possible solutions:
#   Reduce memory load on the system
#   Increase physical memory or swap space
#   Check if swap backing store is full
#   Decrease Java heap size (-Xmx/-Xms)
#   Decrease number of Java threads
#   Decrease Java thread stack sizes (-Xss)
#   Set larger code cache with -XX:ReservedCodeCacheSize=
#   JVM is running with Unscaled Compressed Oops mode in which the Java heap is
#     placed in the first 4GB address space. The Java Heap base address is the
#     maximum limit for the native heap growth. Please use -XX:HeapBaseMinAddress
#     to set the Java Heap base and to place the Java Heap above 4GB virtual address.
# This output file may be truncated or incomplete.
#
#  Out of Memory Error (./open/src/hotspot/os/windows/os_windows.cpp:3472), pid=500, tid=14096
#
# JRE version:  (15.0.1+9) (build )
# Java VM: Java HotSpot(TM) 64-Bit Server VM (15.0.1+9-18, mixed mode, sharing, tiered, compressed oops, g1 gc, windows-amd64)
# No core dump will be written. Minidumps are not enabled by default on client versions of Windows
#

---------------  S U M M A R Y ------------

Command Line: -Dfile.encoding=UTF-8 -XX:+ShowCodeDetailsInExceptionMessages com.classroom.virtualclassroom.VirtualClassroomApplication

Host: Intel(R) Xeon(R) CPU E31220 @ 3.10GHz, 4 cores, 3G,  Windows 10 , 64 bit Build 19041 (10.0.19041.662)
Time: Sat Feb  6 19:49:37 2021 Paris, Madrid elapsed time: 0.018842 seconds (0d 0h 0m 0s)

---------------  T H R E A D  ---------------

Current thread (0x0000012f0b3447a0):  JavaThread "Unknown thread" [_thread_in_vm, id=14096, stack(0x0000000ca0400000,0x0000000ca0500000)]

Stack: [0x0000000ca0400000,0x0000000ca0500000]
Native frames: (J=compiled Java code, j=interpreted, Vv=VM code, C=native code)
V  [jvm.dll+0x62ae9a]
V  [jvm.dll+0x781389]
V  [jvm.dll+0x782ae3]
V  [jvm.dll+0x783143]
V  [jvm.dll+0x216265]
V  [jvm.dll+0x6281d9]
V  [jvm.dll+0x61cd15]
V  [jvm.dll+0x2d01fd]
V  [jvm.dll+0x2d0062]
V  [jvm.dll+0x2d603c]
V  [jvm.dll+0x325b2a]
V  [jvm.dll+0x3251f4]
V  [jvm.dll+0x2a717a]
V  [jvm.dll+0x2a8318]
V  [jvm.dll+0x75e101]
V  [jvm.dll+0x3343e4]
V  [jvm.dll+0x73e826]
V  [jvm.dll+0x3b7777]
V  [jvm.dll+0x3b9201]
C  [jli.dll+0x52fb]
C  [ucrtbase.dll+0x214c2]
C  [KERNEL32.DLL+0x17034]
C  [ntdll.dll+0x4d0d1]


---------------  P R O C E S S  ---------------

Threads class SMR info:
_java_thread_list=0x00007ff9ad574ff0, length=0, elements={
}

Java Threads: ( => current thread )

Other Threads:
  0x0000012f0b373fd0 GCTaskThread "GC Thread#0" [stack: 0x0000000ca0500000,0x0000000ca0600000] [id=13184]
  0x0000012f0b37e960 ConcurrentGCThread "G1 Main Marker" [stack: 0x0000000ca0600000,0x0000000ca0700000] [id=11820]
  0x0000012f0b37f550 ConcurrentGCThread "G1 Conc#0" [stack: 0x0000000ca0700000,0x0000000ca0800000] [id=9696]

[error occurred during error reporting (printing all threads), id 0xc0000005, EXCEPTION_ACCESS_VIOLATION (0xc0000005) at pc=0x00007ff9acd68047]

VM state: not at safepoint (not fully initialized)

VM Mutex/Monitor currently owned by a thread:  ([mutex/lock_event])
[0x0000012f0b341590] Heap_lock - owner thread: 0x0000012f0b3447a0

Heap address: 0x00000000c0600000, size: 1018 MB, Compressed Oops mode: 32-bit
CDS archive(s) mapped at: [0x0000000000000000-0x0000000000000000-0x0000000000000000), size 0, SharedBaseAddress: 0x0000000800000000, ArchiveRelocationMode: 0.
Narrow klass base: 0x0000000000000000, Narrow klass shift: 0, Narrow klass range: 0x0

Heap:
 garbage-first heap   total 65536K, used 0K [0x00000000c0600000, 0x0000000100000000)
  region size 1024K, 0 young (0K), 0 survivors (0K)
 Metaspace       used 0K, capacity 0K, committed 0K, reserved 0K
  class space    used 0K, capacity 0K, committed 0K, reserved 0K

Heap Regions: E=young(eden), S=young(survivor), O=old, HS=humongous(starts), HC=humongous(continues), CS=collection set, F=free, OA=open archive, CA=closed archive, TAMS=top-at-mark-start (previous, next)

Card table byte_map: [0x0000012f22770000,0x0000012f22970000] _byte_map_base: 0x0000012f2216d000

Marking Bits (Prev, Next): (CMBitMap*) 0x0000012f0b374840, (CMBitMap*) 0x0000012f0b374880
 Prev Bits: [0x0000012f22b70000, 0x0000012f23b58000)
 Next Bits: [0x0000012f23b60000, 0x0000012f24b48000)

GC Heap History (0 events):
No events

Deoptimization events (0 events):
No events

Classes unloaded (0 events):
No events

Classes redefined (0 events):
No events

Internal exceptions (0 events):
No events

Events (1 events):
Event: 0.012 Loaded shared library C:\Program Files\Java\jdk-15.0.1\bin\java.dll


Dynamic libraries:
0x00007ff6210b0000 - 0x00007ff6210bf000 	C:\Program Files\Java\jdk-15.0.1\bin\javaw.exe
0x00007ff9eabd0000 - 0x00007ff9eadc6000 	C:\WINDOWS\SYSTEM32\ntdll.dll
0x00007ff9ce700000 - 0x00007ff9ce712000 	C:\Program Files\Avast Software\Avast\aswhook.dll
0x00007ff9ea530000 - 0x00007ff9ea5ed000 	C:\WINDOWS\System32\KERNEL32.DLL
0x00007ff9e8470000 - 0x00007ff9e8739000 	C:\WINDOWS\System32\KERNELBASE.dll
0x00007ff9e8310000 - 0x00007ff9e8410000 	C:\WINDOWS\System32\ucrtbase.dll
0x00007ff9df340000 - 0x00007ff9df358000 	C:\Program Files\Java\jdk-15.0.1\bin\jli.dll
0x00007ff9e95d0000 - 0x00007ff9e967c000 	C:\WINDOWS\System32\ADVAPI32.dll
0x00007ff9e8c30000 - 0x00007ff9e8cce000 	C:\WINDOWS\System32\msvcrt.dll
0x00007ff9e9040000 - 0x00007ff9e90dc000 	C:\WINDOWS\System32\sechost.dll
0x00007ff9e90e0000 - 0x00007ff9e920b000 	C:\WINDOWS\System32\RPCRT4.dll
0x00007ff9e9430000 - 0x00007ff9e95d0000 	C:\WINDOWS\System32\USER32.dll
0x00007ff9e89b0000 - 0x00007ff9e89d2000 	C:\WINDOWS\System32\win32u.dll
0x00007ff9e8d60000 - 0x00007ff9e8d8a000 	C:\WINDOWS\System32\GDI32.dll
0x00007ff9e88a0000 - 0x00007ff9e89ab000 	C:\WINDOWS\System32\gdi32full.dll
0x00007ff9e8a10000 - 0x00007ff9e8aad000 	C:\WINDOWS\System32\msvcp_win.dll
0x00007ff9ca200000 - 0x00007ff9ca219000 	C:\Program Files\Java\jdk-15.0.1\bin\VCRUNTIME140.dll
0x00007ff9d1580000 - 0x00007ff9d181b000 	C:\WINDOWS\WinSxS\amd64_microsoft.windows.common-controls_6595b64144ccf1df_6.0.19041.746_none_ca02b4b61b8320a4\COMCTL32.dll
0x00007ff9e30d0000 - 0x00007ff9e30da000 	C:\WINDOWS\SYSTEM32\VERSION.dll
0x00007ff9e8cd0000 - 0x00007ff9e8d00000 	C:\WINDOWS\System32\IMM32.DLL
0x00007ff9d7de0000 - 0x00007ff9d7dec000 	C:\Program Files\Java\jdk-15.0.1\bin\vcruntime140_1.dll
0x00007ff9baaf0000 - 0x00007ff9bab81000 	C:\Program Files\Java\jdk-15.0.1\bin\msvcp140.dll
0x00007ff9acab0000 - 0x00007ff9ad60e000 	C:\Program Files\Java\jdk-15.0.1\bin\server\jvm.dll
0x00007ff9eaa30000 - 0x00007ff9eaa38000 	C:\WINDOWS\System32\PSAPI.DLL
0x00007ff9dc680000 - 0x00007ff9dc689000 	C:\WINDOWS\SYSTEM32\WSOCK32.dll
0x00007ff9e93c0000 - 0x00007ff9e942b000 	C:\WINDOWS\System32\WS2_32.dll
0x00007ff9d9ee0000 - 0x00007ff9d9f07000 	C:\WINDOWS\SYSTEM32\WINMM.dll
0x00007ff9e6290000 - 0x00007ff9e62a2000 	C:\WINDOWS\SYSTEM32\kernel.appcore.dll
0x00007ff9d6f80000 - 0x00007ff9d6f8a000 	C:\Program Files\Java\jdk-15.0.1\bin\jimage.dll
0x00007ff9e2dc0000 - 0x00007ff9e2fa4000 	C:\WINDOWS\SYSTEM32\DBGHELP.DLL
0x00007ff9e2d90000 - 0x00007ff9e2dbc000 	C:\WINDOWS\SYSTEM32\dbgcore.DLL
0x00007ff9e8bb0000 - 0x00007ff9e8c30000 	C:\WINDOWS\System32\bcryptPrimitives.dll
0x00007ff9ca1d0000 - 0x00007ff9ca1f5000 	C:\Program Files\Java\jdk-15.0.1\bin\java.dll

dbghelp: loaded successfully - version: 4.0.5 - missing functions: none
symbol engine: initialized successfully - sym options: 0x614 - pdb path: .;C:\Program Files\Java\jdk-15.0.1\bin;C:\WINDOWS\SYSTEM32;C:\Program Files\Avast Software\Avast;C:\WINDOWS\WinSxS\amd64_microsoft.windows.common-controls_6595b64144ccf1df_6.0.19041.746_none_ca02b4b61b8320a4;C:\Program Files\Java\jdk-15.0.1\bin\server

VM Arguments:
jvm_args: -Dfile.encoding=UTF-8 -XX:+ShowCodeDetailsInExceptionMessages 
java_command: com.classroom.virtualclassroom.VirtualClassroomApplication
java_class_path (initial): C:\Users\fujitsu\Desktop\projet1\classevirtuelle\target\test-classes;C:\Users\fujitsu\Desktop\projet1\classevirtuelle\target\classes;C:\Users\fujitsu\.m2\repository\org\springframework\boot\spring-boot-starter-web\2.4.1\spring-boot-starter-web-2.4.1.jar;C:\Users\fujitsu\.m2\repository\org\springframework\boot\spring-boot-starter\2.4.1\spring-boot-starter-2.4.1.jar;C:\Users\fujitsu\.m2\repository\org\springframework\boot\spring-boot-starter-logging\2.4.1\spring-boot-starter-logging-2.4.1.jar;C:\Users\fujitsu\.m2\repository\ch\qos\logback\logback-classic\1.2.3\logback-classic-1.2.3.jar;C:\Users\fujitsu\.m2\repository\ch\qos\logback\logback-core\1.2.3\logback-core-1.2.3.jar;C:\Users\fujitsu\.m2\repository\org\apache\logging\log4j\log4j-to-slf4j\2.13.3\log4j-to-slf4j-2.13.3.jar;C:\Users\fujitsu\.m2\repository\org\apache\logging\log4j\log4j-api\2.13.3\log4j-api-2.13.3.jar;C:\Users\fujitsu\.m2\repository\org\slf4j\jul-to-slf4j\1.7.30\jul-to-slf4j-1.7.30.jar;C:\Users\fujitsu\.m2\repository\jakarta\annotation\jakarta.annotation-api\1.3.5\jakarta.annotation-api-1.3.5.jar;C:\Users\fujitsu\.m2\repository\org\yaml\snakeyaml\1.27\snakeyaml-1.27.jar;C:\Users\fujitsu\.m2\repository\org\springframework\boot\spring-boot-starter-json\2.4.1\spring-boot-starter-json-2.4.1.jar;C:\Users\fujitsu\.m2\repository\com\fasterxml\jackson\core\jackson-databind\2.11.3\jackson-databind-2.11.3.jar;C:\Users\fujitsu\.m2\repository\com\fasterxml\jackson\core\jackson-core\2.11.3\jackson-core-2.11.3.jar;C:\Users\fujitsu\.m2\repository\com\fasterxml\jackson\datatype\jackson-datatype-jdk8\2.11.3\jackson-datatype-jdk8-2.11.3.jar;C:\Users\fujitsu\.m2\repository\com\fasterxml\jackson\datatype\jackson-datatype-jsr310\2.11.3\jackson-datatype-jsr310-2.11.3.jar;C:\Users\fujitsu\.m2\repository\com\fasterxml\jackson\module\jackson-module-parameter-names\2.11.3\jackson-module-parameter-names-2.11.3.jar;C:\Users\fujitsu\.m2\repository\org\springframework\boot\spring-boot-starter-tomcat\2
Launcher Type: SUN_STANDARD

[Global flags]
     intx CICompilerCount                          = 3                                         {product} {ergonomic}
     uint ConcGCThreads                            = 1                                         {product} {ergonomic}
     uint G1ConcRefinementThreads                  = 4                                         {product} {ergonomic}
   size_t G1HeapRegionSize                         = 1048576                                   {product} {ergonomic}
    uintx GCDrainStackTargetSize                   = 64                                        {product} {ergonomic}
   size_t InitialHeapSize                          = 67108864                                  {product} {ergonomic}
   size_t MarkStackSize                            = 4194304                                   {product} {ergonomic}
   size_t MaxHeapSize                              = 1067450368                                {product} {ergonomic}
   size_t MinHeapDeltaBytes                        = 1048576                                   {product} {ergonomic}
   size_t MinHeapSize                              = 8388608                                   {product} {ergonomic}
    uintx NonNMethodCodeHeapSize                   = 5832780                                {pd product} {ergonomic}
    uintx NonProfiledCodeHeapSize                  = 122912730                              {pd product} {ergonomic}
    uintx ProfiledCodeHeapSize                     = 122912730                              {pd product} {ergonomic}
    uintx ReservedCodeCacheSize                    = 251658240                              {pd product} {ergonomic}
     bool SegmentedCodeCache                       = true                                      {product} {ergonomic}
     bool ShowCodeDetailsInExceptionMessages       = true                                   {manageable} {command line}
   size_t SoftMaxHeapSize                          = 1067450368                             {manageable} {ergonomic}
     bool UseCompressedClassPointers               = true                                 {lp64_product} {ergonomic}
     bool UseCompressedOops                        = true                                 {lp64_product} {ergonomic}
     bool UseG1GC                                  = true                                      {product} {ergonomic}
     bool UseLargePagesIndividualAllocation        = false                                  {pd product} {ergonomic}

Logging:
Log output configuration:
 #0: stdout all=warning uptime,level,tags
 #1: stderr all=off uptime,level,tags

Environment Variables:
PATH=C:/Users/fujitsu/.p2/pool/plugins/org.eclipse.justj.openjdk.hotspot.jre.full.win32.x86_64_14.0.2.v20200815-0932/jre/bin/server;C:/Users/fujitsu/.p2/pool/plugins/org.eclipse.justj.openjdk.hotspot.jre.full.win32.x86_64_14.0.2.v20200815-0932/jre/bin;C:\Program Files\Common Files\Oracle\Java\javapath;C:\WINDOWS\system32;C:\WINDOWS;C:\WINDOWS\System32\Wbem;C:\WINDOWS\System32\WindowsPowerShell\v1.0\;C:\WINDOWS\System32\OpenSSH\;C:\Program Files\Git\cmd;C:\Program Files\nodejs\;C:\Program Files (x86)\Yarn\bin\;C:\composer;C:\Program Files\Symfony;C:\apache-maven-3.6.3\bin;C:\Users\fujitsu\AppData\Local\Microsoft\WindowsApps;C:\Users\fujitsu\AppData\Roaming\npm;C:\Users\fujitsu\AppData\Local\Yarn\bin;C:\Users\fujitsu\AppData\Local\Programs\Microsoft VS Code\bin;C:\Program Files\JetBrains\WebStorm 2020.2.2\bin;;C:\wamp64\bin\php\php7.4.9;C:\Users\fujitsu\AppData\Roaming\Composer\vendor\bin;C:\Program Files\JetBrains\IntelliJ IDEA Educational Edition 2020.3\bin;;C:\Users\fujitsu\Desktop;
USERNAME=fujitsu
OS=Windows_NT
PROCESSOR_IDENTIFIER=Intel64 Family 6 Model 42 Stepping 7, GenuineIntel



---------------  S Y S T E M  ---------------

OS:
 Windows 10 , 64 bit Build 19041 (10.0.19041.662)
OS uptime: 3 days 23:16 hours

CPU: total 4 (initial active 4) (4 cores per cpu, 1 threads per core) family 6 model 42 stepping 7 microcode 0x2f, cmov, cx8, fxsr, mmx, sse, sse2, sse3, ssse3, sse4.1, sse4.2, popcnt, vzeroupper, avx, aes, clmul, tsc, tscinvbit, clflush

Memory: 4k page, system-wide physical 4070M (439M free)
TotalPageFile size 16358M (AvailPageFile size 20M)
current process WorkingSet (physical memory assigned to process): 10M, peak: 10M
current process commit charge ("private bytes"): 51M, peak: 115M

vm_info: Java HotSpot(TM) 64-Bit Server VM (15.0.1+9-18) for windows-amd64 JRE (15.0.1+9-18), built on Sep 15 2020 14:43:54 by "mach5one" with unknown MS VC++:1925

END.
