#
# There is insufficient memory for the Java Runtime Environment to continue.
# Native memory allocation (malloc) failed to allocate 1813248 bytes for Chunk::new
# Possible reasons:
#   The system is out of physical RAM or swap space
#   The process is running with CompressedOops enabled, and the Java Heap may be blocking the growth of the native heap
# Possible solutions:
#   Reduce memory load on the system
#   Increase physical memory or swap space
#   Check if swap backing store is full
#   Decrease Java heap size (-Xmx/-Xms)
#   Decrease number of Java threads
#   Decrease Java thread stack sizes (-Xss)
#   Set larger code cache with -XX:ReservedCodeCacheSize=
#   JVM is running with Unscaled Compressed Oops mode in which the Java heap is
#     placed in the first 4GB address space. The Java Heap base address is the
#     maximum limit for the native heap growth. Please use -XX:HeapBaseMinAddress
#     to set the Java Heap base and to place the Java Heap above 4GB virtual address.
# This output file may be truncated or incomplete.
#
#  Out of Memory Error (./open/src/hotspot/share/memory/arena.cpp:195), pid=12268, tid=12680
#
# JRE version: Java(TM) SE Runtime Environment (15.0.1+9) (build 15.0.1+9-18)
# Java VM: Java HotSpot(TM) 64-Bit Server VM (15.0.1+9-18, mixed mode, sharing, tiered, compressed oops, g1 gc, windows-amd64)
# No core dump will be written. Minidumps are not enabled by default on client versions of Windows
#

---------------  S U M M A R Y ------------

Command Line: -Dfile.encoding=UTF-8 -XX:+ShowCodeDetailsInExceptionMessages com.classe.classevirtuelle.ClassevirtuelleApplication

Host: Intel(R) Xeon(R) CPU E31220 @ 3.10GHz, 4 cores, 3G,  Windows 10 , 64 bit Build 19041 (10.0.19041.662)
Time: Wed Jan 20 14:56:34 2021 Paris, Madrid elapsed time: 2183.124806 seconds (0d 0h 36m 23s)

---------------  T H R E A D  ---------------

Current thread (0x000002797d349540):  JavaThread "C2 CompilerThread0" daemon [_thread_in_native, id=12680, stack(0x000000c907300000,0x000000c907400000)]


Current CompileTask:
C2:2183145 7106       4       org.springframework.boot.context.properties.source.SpringIterableConfigurationPropertySource::containsDescendantOf (102 bytes)

Stack: [0x000000c907300000,0x000000c907400000]
Native frames: (J=compiled Java code, j=interpreted, Vv=VM code, C=native code)
V  [jvm.dll+0x62ae9a]
V  [jvm.dll+0x781389]
V  [jvm.dll+0x782ae3]
V  [jvm.dll+0x783143]
V  [jvm.dll+0x216265]
V  [jvm.dll+0x97efa]
V  [jvm.dll+0x985dc]
V  [jvm.dll+0x32e525]
V  [jvm.dll+0x18e2e1]
V  [jvm.dll+0x1ea762]
V  [jvm.dll+0x1e98ae]
V  [jvm.dll+0x1784c7]
V  [jvm.dll+0x1f9165]
V  [jvm.dll+0x1f720c]
V  [jvm.dll+0x74485d]
V  [jvm.dll+0x73d65a]
V  [jvm.dll+0x629c56]
C  [ucrtbase.dll+0x214c2]
C  [KERNEL32.DLL+0x17034]
C  [ntdll.dll+0x4d0d1]


---------------  P R O C E S S  ---------------

Threads class SMR info:
_java_thread_list=0x00000279118e6290, length=19, elements={
0x000002797d32cbf0, 0x000002797d32d5d0, 0x000002797d3477d0, 0x000002797d348090,
0x000002797d348950, 0x000002797d349540, 0x000002797d369740, 0x000002797d3c23c0,
0x000002797ddca490, 0x000002797ddb9380, 0x000002791299e420, 0x000002790f551bb0,
0x000002790f5503a0, 0x000002790f552ef0, 0x000002790f555a40, 0x000002790f553d60,
0x000002790f554230, 0x000002790f5563e0, 0x000002790f554bd0
}

Java Threads: ( => current thread )
  0x000002797d32cbf0 JavaThread "Reference Handler" daemon [_thread_blocked, id=13048, stack(0x000000c906e00000,0x000000c906f00000)]
  0x000002797d32d5d0 JavaThread "Finalizer" daemon [_thread_blocked, id=12472, stack(0x000000c906f00000,0x000000c907000000)]
  0x000002797d3477d0 JavaThread "Signal Dispatcher" daemon [_thread_blocked, id=9796, stack(0x000000c907000000,0x000000c907100000)]
  0x000002797d348090 JavaThread "Attach Listener" daemon [_thread_blocked, id=6540, stack(0x000000c907100000,0x000000c907200000)]
  0x000002797d348950 JavaThread "Service Thread" daemon [_thread_blocked, id=6480, stack(0x000000c907200000,0x000000c907300000)]
=>0x000002797d349540 JavaThread "C2 CompilerThread0" daemon [_thread_in_native, id=12680, stack(0x000000c907300000,0x000000c907400000)]
  0x0000001800000294 
[error occurred during error reporting (printing all threads), id 0xc0000005, EXCEPTION_ACCESS_VIOLATION (0xc0000005) at pc=0x00007ffd67e73a1c]

VM state: not at safepoint (normal execution)

VM Mutex/Monitor currently owned by a thread: None

Heap address: 0x00000000c0600000, size: 1018 MB, Compressed Oops mode: 32-bit
CDS archive(s) mapped at: [0x0000000800000000-0x0000000800b50000-0x0000000800b50000), size 11862016, SharedBaseAddress: 0x0000000800000000, ArchiveRelocationMode: 0.
Compressed class space mapped at: 0x0000000800b50000-0x0000000840b50000, size: 1073741824
Narrow klass base: 0x0000000800000000, Narrow klass shift: 3, Narrow klass range: 0x100000000

GC Precious Log:
 CPUs: 4 total, 4 available
 Memory: 4070M
 Large Page Support: Disabled
 NUMA Support: Disabled
 Compressed Oops: Enabled (32-bit)
 Heap Region Size: 1M
 Heap Min Capacity: 8M
 Heap Initial Capacity: 64M
 Heap Max Capacity: 1018M
 Pre-touch: Disabled
 Parallel Workers: 4
 Concurrent Workers: 1
 Concurrent Refinement Workers: 4
 Periodic GC: Disabled

Heap:
 garbage-first heap   total 78848K, used 54684K [0x00000000c0600000, 0x0000000100000000)
  region size 1024K, 26 young (26624K), 4 survivors (4096K)
 Metaspace       used 64578K, capacity 65236K, committed 65280K, reserved 1105920K
  class space    used 8239K, capacity 8411K, committed 8448K, reserved 1048576K

Heap Regions: E=young(eden), S=young(survivor), O=old, HS=humongous(starts), HC=humongous(continues), CS=collection set, F=free, OA=open archive, CA=closed archive, TAMS=top-at-mark-start (previous, next)
|   0|0x00000000c0600000, 0x00000000c0700000, 0x00000000c0700000|100%|HS|  |TAMS 0x00000000c0700000, 0x00000000c0600000| Complete 
|   1|0x00000000c0700000, 0x00000000c07feb80, 0x00000000c0800000| 99%| O|  |TAMS 0x00000000c07feb80, 0x00000000c0700000| Untracked 
|   2|0x00000000c0800000, 0x00000000c08fffe0, 0x00000000c0900000| 99%| O|  |TAMS 0x00000000c08fffe0, 0x00000000c0800000| Untracked 
|   3|0x00000000c0900000, 0x00000000c09fff00, 0x00000000c0a00000| 99%| O|  |TAMS 0x00000000c09fff00, 0x00000000c0900000| Untracked 
|   4|0x00000000c0a00000, 0x00000000c0afffe0, 0x00000000c0b00000| 99%| O|  |TAMS 0x00000000c0afffe0, 0x00000000c0a00000| Untracked 
|   5|0x00000000c0b00000, 0x00000000c0c00000, 0x00000000c0c00000|100%| O|  |TAMS 0x00000000c0c00000, 0x00000000c0b00000| Untracked 
|   6|0x00000000c0c00000, 0x00000000c0cfffa8, 0x00000000c0d00000| 99%| O|  |TAMS 0x00000000c0cfffa8, 0x00000000c0c00000| Untracked 
|   7|0x00000000c0d00000, 0x00000000c0e00000, 0x00000000c0e00000|100%| O|  |TAMS 0x00000000c0e00000, 0x00000000c0d00000| Untracked 
|   8|0x00000000c0e00000, 0x00000000c0f00000, 0x00000000c0f00000|100%| O|  |TAMS 0x00000000c0f00000, 0x00000000c0e00000| Untracked 
|   9|0x00000000c0f00000, 0x00000000c0fffff8, 0x00000000c1000000| 99%| O|  |TAMS 0x00000000c0fffff8, 0x00000000c0f00000| Untracked 
|  10|0x00000000c1000000, 0x00000000c10fffb8, 0x00000000c1100000| 99%| O|  |TAMS 0x00000000c10fffb8, 0x00000000c1000000| Untracked 
|  11|0x00000000c1100000, 0x00000000c1200000, 0x00000000c1200000|100%| O|  |TAMS 0x00000000c1200000, 0x00000000c1100000| Untracked 
|  12|0x00000000c1200000, 0x00000000c12ffff8, 0x00000000c1300000| 99%| O|  |TAMS 0x00000000c12ffff8, 0x00000000c1200000| Untracked 
|  13|0x00000000c1300000, 0x00000000c13fffb0, 0x00000000c1400000| 99%| O|  |TAMS 0x00000000c13fffb0, 0x00000000c1300000| Untracked 
|  14|0x00000000c1400000, 0x00000000c14ffff8, 0x00000000c1500000| 99%| O|  |TAMS 0x00000000c14ffff8, 0x00000000c1400000| Untracked 
|  15|0x00000000c1500000, 0x00000000c15fa798, 0x00000000c1600000| 97%| O|  |TAMS 0x00000000c15fa798, 0x00000000c1500000| Untracked 
|  16|0x00000000c1600000, 0x00000000c16ffff0, 0x00000000c1700000| 99%| O|  |TAMS 0x00000000c16ffff0, 0x00000000c1600000| Untracked 
|  17|0x00000000c1700000, 0x00000000c1800000, 0x00000000c1800000|100%| O|  |TAMS 0x00000000c1800000, 0x00000000c1700000| Untracked 
|  18|0x00000000c1800000, 0x00000000c18fffd0, 0x00000000c1900000| 99%| O|  |TAMS 0x00000000c18fffd0, 0x00000000c1800000| Untracked 
|  19|0x00000000c1900000, 0x00000000c19fffe8, 0x00000000c1a00000| 99%| O|  |TAMS 0x00000000c19fffe8, 0x00000000c1900000| Untracked 
|  20|0x00000000c1a00000, 0x00000000c1b00000, 0x00000000c1b00000|100%| O|  |TAMS 0x00000000c1b00000, 0x00000000c1a00000| Untracked 
|  21|0x00000000c1b00000, 0x00000000c1bd1d98, 0x00000000c1c00000| 81%| O|  |TAMS 0x00000000c1bd1d98, 0x00000000c1b00000| Untracked 
|  22|0x00000000c1c00000, 0x00000000c1cffff8, 0x00000000c1d00000| 99%| O|  |TAMS 0x00000000c1cffff8, 0x00000000c1c00000| Untracked 
|  23|0x00000000c1d00000, 0x00000000c1e00000, 0x00000000c1e00000|100%| O|  |TAMS 0x00000000c1e00000, 0x00000000c1d00000| Untracked 
|  24|0x00000000c1e00000, 0x00000000c1e27258, 0x00000000c1f00000| 15%| O|  |TAMS 0x00000000c1e27258, 0x00000000c1e00000| Untracked 
|  25|0x00000000c1f00000, 0x00000000c1fffff8, 0x00000000c2000000| 99%| O|  |TAMS 0x00000000c1fffff8, 0x00000000c1f00000| Untracked 
|  26|0x00000000c2000000, 0x00000000c2088948, 0x00000000c2100000| 53%| O|  |TAMS 0x00000000c2088948, 0x00000000c2000000| Untracked 
|  27|0x00000000c2100000, 0x00000000c2200000, 0x00000000c2200000|100%| O|  |TAMS 0x00000000c2200000, 0x00000000c2100000| Untracked 
|  28|0x00000000c2200000, 0x00000000c2300000, 0x00000000c2300000|100%| O|  |TAMS 0x00000000c2300000, 0x00000000c2200000| Untracked 
|  29|0x00000000c2300000, 0x00000000c2400000, 0x00000000c2400000|100%| O|  |TAMS 0x00000000c2400000, 0x00000000c2300000| Untracked 
|  30|0x00000000c2400000, 0x00000000c242b800, 0x00000000c2500000| 16%| O|  |TAMS 0x00000000c242b800, 0x00000000c2400000| Untracked 
|  31|0x00000000c2500000, 0x00000000c2500000, 0x00000000c2600000|  0%| F|  |TAMS 0x00000000c2500000, 0x00000000c2500000| Untracked 
|  32|0x00000000c2600000, 0x00000000c2600000, 0x00000000c2700000|  0%| F|  |TAMS 0x00000000c2600000, 0x00000000c2600000| Untracked 
|  33|0x00000000c2700000, 0x00000000c2700000, 0x00000000c2800000|  0%| F|  |TAMS 0x00000000c2700000, 0x00000000c2700000| Untracked 
|  34|0x00000000c2800000, 0x00000000c2800000, 0x00000000c2900000|  0%| F|  |TAMS 0x00000000c2800000, 0x00000000c2800000| Untracked 
|  35|0x00000000c2900000, 0x00000000c2900000, 0x00000000c2a00000|  0%| F|  |TAMS 0x00000000c2900000, 0x00000000c2900000| Untracked 
|  36|0x00000000c2a00000, 0x00000000c2a00000, 0x00000000c2b00000|  0%| F|  |TAMS 0x00000000c2a00000, 0x00000000c2a00000| Untracked 
|  37|0x00000000c2b00000, 0x00000000c2b00000, 0x00000000c2c00000|  0%| F|  |TAMS 0x00000000c2b00000, 0x00000000c2b00000| Untracked 
|  38|0x00000000c2c00000, 0x00000000c2c00000, 0x00000000c2d00000|  0%| F|  |TAMS 0x00000000c2c00000, 0x00000000c2c00000| Untracked 
|  39|0x00000000c2d00000, 0x00000000c2dc11c0, 0x00000000c2e00000| 75%| S|CS|TAMS 0x00000000c2d00000, 0x00000000c2d00000| Complete 
|  40|0x00000000c2e00000, 0x00000000c2f00000, 0x00000000c2f00000|100%| S|CS|TAMS 0x00000000c2e00000, 0x00000000c2e00000| Complete 
|  41|0x00000000c2f00000, 0x00000000c3000000, 0x00000000c3000000|100%| S|CS|TAMS 0x00000000c2f00000, 0x00000000c2f00000| Complete 
|  42|0x00000000c3000000, 0x00000000c3100000, 0x00000000c3100000|100%| S|CS|TAMS 0x00000000c3000000, 0x00000000c3000000| Complete 
|  43|0x00000000c3100000, 0x00000000c3100000, 0x00000000c3200000|  0%| F|  |TAMS 0x00000000c3100000, 0x00000000c3100000| Untracked 
|  44|0x00000000c3200000, 0x00000000c3200000, 0x00000000c3300000|  0%| F|  |TAMS 0x00000000c3200000, 0x00000000c3200000| Untracked 
|  45|0x00000000c3300000, 0x00000000c3300000, 0x00000000c3400000|  0%| F|  |TAMS 0x00000000c3300000, 0x00000000c3300000| Untracked 
|  46|0x00000000c3400000, 0x00000000c3400000, 0x00000000c3500000|  0%| F|  |TAMS 0x00000000c3400000, 0x00000000c3400000| Untracked 
|  47|0x00000000c3500000, 0x00000000c3500000, 0x00000000c3600000|  0%| F|  |TAMS 0x00000000c3500000, 0x00000000c3500000| Untracked 
|  48|0x00000000c3600000, 0x00000000c3600000, 0x00000000c3700000|  0%| F|  |TAMS 0x00000000c3600000, 0x00000000c3600000| Untracked 
|  49|0x00000000c3700000, 0x00000000c3700000, 0x00000000c3800000|  0%| F|  |TAMS 0x00000000c3700000, 0x00000000c3700000| Untracked 
|  50|0x00000000c3800000, 0x00000000c3800000, 0x00000000c3900000|  0%| F|  |TAMS 0x00000000c3800000, 0x00000000c3800000| Untracked 
|  51|0x00000000c3900000, 0x00000000c3900000, 0x00000000c3a00000|  0%| F|  |TAMS 0x00000000c3900000, 0x00000000c3900000| Untracked 
|  52|0x00000000c3a00000, 0x00000000c3a00000, 0x00000000c3b00000|  0%| F|  |TAMS 0x00000000c3a00000, 0x00000000c3a00000| Untracked 
|  53|0x00000000c3b00000, 0x00000000c3b00000, 0x00000000c3c00000|  0%| F|  |TAMS 0x00000000c3b00000, 0x00000000c3b00000| Untracked 
|  54|0x00000000c3c00000, 0x00000000c3c00000, 0x00000000c3d00000|  0%| F|  |TAMS 0x00000000c3c00000, 0x00000000c3c00000| Untracked 
|  55|0x00000000c3d00000, 0x00000000c3e00000, 0x00000000c3e00000|100%| E|  |TAMS 0x00000000c3d00000, 0x00000000c3d00000| Complete 
|  56|0x00000000c3e00000, 0x00000000c3f00000, 0x00000000c3f00000|100%| E|CS|TAMS 0x00000000c3e00000, 0x00000000c3e00000| Complete 
|  57|0x00000000c3f00000, 0x00000000c4000000, 0x00000000c4000000|100%| E|CS|TAMS 0x00000000c3f00000, 0x00000000c3f00000| Complete 
|  58|0x00000000c4000000, 0x00000000c4100000, 0x00000000c4100000|100%| E|CS|TAMS 0x00000000c4000000, 0x00000000c4000000| Complete 
|  59|0x00000000c4100000, 0x00000000c4200000, 0x00000000c4200000|100%| E|CS|TAMS 0x00000000c4100000, 0x00000000c4100000| Complete 
|  60|0x00000000c4200000, 0x00000000c4300000, 0x00000000c4300000|100%| E|CS|TAMS 0x00000000c4200000, 0x00000000c4200000| Complete 
|  61|0x00000000c4300000, 0x00000000c4400000, 0x00000000c4400000|100%| E|CS|TAMS 0x00000000c4300000, 0x00000000c4300000| Complete 
|  62|0x00000000c4400000, 0x00000000c4500000, 0x00000000c4500000|100%| E|CS|TAMS 0x00000000c4400000, 0x00000000c4400000| Complete 
|  63|0x00000000c4500000, 0x00000000c4600000, 0x00000000c4600000|100%| E|CS|TAMS 0x00000000c4500000, 0x00000000c4500000| Complete 
|  64|0x00000000c4600000, 0x00000000c4700000, 0x00000000c4700000|100%| E|CS|TAMS 0x00000000c4600000, 0x00000000c4600000| Complete 
|  65|0x00000000c4700000, 0x00000000c4800000, 0x00000000c4800000|100%| E|CS|TAMS 0x00000000c4700000, 0x00000000c4700000| Complete 
|  66|0x00000000c4800000, 0x00000000c4900000, 0x00000000c4900000|100%| E|CS|TAMS 0x00000000c4800000, 0x00000000c4800000| Complete 
|  67|0x00000000c4900000, 0x00000000c4a00000, 0x00000000c4a00000|100%| E|CS|TAMS 0x00000000c4900000, 0x00000000c4900000| Complete 
|  68|0x00000000c4a00000, 0x00000000c4b00000, 0x00000000c4b00000|100%| E|CS|TAMS 0x00000000c4a00000, 0x00000000c4a00000| Complete 
|  69|0x00000000c4b00000, 0x00000000c4c00000, 0x00000000c4c00000|100%| E|CS|TAMS 0x00000000c4b00000, 0x00000000c4b00000| Complete 
|  70|0x00000000c4c00000, 0x00000000c4d00000, 0x00000000c4d00000|100%| E|CS|TAMS 0x00000000c4c00000, 0x00000000c4c00000| Complete 
|  71|0x00000000c4d00000, 0x00000000c4e00000, 0x00000000c4e00000|100%| E|CS|TAMS 0x00000000c4d00000, 0x00000000c4d00000| Complete 
|  72|0x00000000c4e00000, 0x00000000c4f00000, 0x00000000c4f00000|100%| E|CS|TAMS 0x00000000c4e00000, 0x00000000c4e00000| Complete 
|  73|0x00000000c4f00000, 0x00000000c5000000, 0x00000000c5000000|100%| E|CS|TAMS 0x00000000c4f00000, 0x00000000c4f00000| Complete 
|  74|0x00000000c5000000, 0x00000000c5100000, 0x00000000c5100000|100%| E|CS|TAMS 0x00000000c5000000, 0x00000000c5000000| Complete 
|  75|0x00000000c5100000, 0x00000000c5200000, 0x00000000c5200000|100%| E|CS|TAMS 0x00000000c5100000, 0x00000000c5100000| Complete 
|  76|0x00000000c5200000, 0x00000000c5300000, 0x00000000c5300000|100%| E|CS|TAMS 0x00000000c5200000, 0x00000000c5200000| Complete 

Card table byte_map: [0x0000027978ad0000,0x0000027978cd0000] _byte_map_base: 0x00000279784cd000

Marking Bits (Prev, Next): (CMBitMap*) 0x00000279706d7a40, (CMBitMap*) 0x00000279706d7a00
 Prev Bits: [0x0000027979ec0000, 0x000002797aea8000)
 Next Bits: [0x0000027978ed0000, 0x0000027979eb8000)

Polling page: 0x000002796e480000

Metaspace:

Usage:
  Non-class:     55.49 MB capacity,    55.02 MB (>99%) used,   399.51 KB ( <1%) free+waste,    87.12 KB ( <1%) overhead. 
      Class:      8.21 MB capacity,     8.05 MB ( 98%) used,   137.52 KB (  2%) free+waste,    33.50 KB ( <1%) overhead. 
       Both:     63.71 MB capacity,    63.06 MB ( 99%) used,   537.03 KB ( <1%) free+waste,   120.62 KB ( <1%) overhead. 

Virtual space:
  Non-class space:       56.00 MB reserved,      55.50 MB (>99%) committed 
      Class space:        1.00 GB reserved,       8.25 MB ( <1%) committed 
             Both:        1.05 GB reserved,      63.75 MB (  6%) committed 

Chunk freelists:
   Non-Class:  7.00 KB
       Class:  0 bytes
        Both:  7.00 KB

MaxMetaspaceSize: 17179869184.00 GB
CompressedClassSpaceSize: 1.00 GB

CodeHeap 'non-profiled nmethods': size=120000Kb used=5099Kb max_used=5099Kb free=114900Kb
 bounds [0x0000027907ad0000, 0x0000027907fd0000, 0x000002790f000000]
CodeHeap 'profiled nmethods': size=120000Kb used=14604Kb max_used=14604Kb free=105395Kb
 bounds [0x00000279005a0000, 0x00000279013f0000, 0x0000027907ad0000]
CodeHeap 'non-nmethods': size=5760Kb used=1322Kb max_used=1383Kb free=4437Kb
 bounds [0x0000027900000000, 0x0000027900270000, 0x00000279005a0000]
 total_blobs=7527 nmethods=6909 adapters=530
 compilation: enabled
              stopped_count=0, restarted_count=0
 full_count=0

Compilation events (20 events):
Event: 2182.945 Thread 0x000002797d369740 nmethod 7166 0x0000027907f9e590 code [0x0000027907f9e720, 0x0000027907f9e7d8]
Event: 2182.946 Thread 0x000002797d369740 7167       1       org.h2.engine.Database::getQueryStatistics (5 bytes)
Event: 2182.946 Thread 0x000002797d369740 nmethod 7167 0x0000027907f9e890 code [0x0000027907f9ea20, 0x0000027907f9ead8]
Event: 2182.946 Thread 0x000002797d369740 7168       3       java.lang.invoke.VarHandleReferences$Array::runtimeTypeCheck (26 bytes)
Event: 2182.947 Thread 0x000002797d369740 nmethod 7168 0x00000279012f1490 code [0x00000279012f16e0, 0x00000279012f1f18]
Event: 2182.947 Thread 0x000002797d369740 7169       3       java.lang.Character::getType (5 bytes)
Event: 2182.947 Thread 0x000002797d369740 nmethod 7169 0x00000279012f2310 code [0x00000279012f24c0, 0x00000279012f26f8]
Event: 2182.948 Thread 0x000002797d369740 7170       3       sun.security.provider.ByteArrayAccess::i2bBig4 (111 bytes)
Event: 2182.948 Thread 0x000002797d369740 nmethod 7170 0x00000279012f2810 code [0x00000279012f29c0, 0x00000279012f2ca8]
Event: 2182.948 Thread 0x000002797d369740 7171       3       org.h2.engine.Session::getTransaction (99 bytes)
Event: 2182.949 Thread 0x000002797d369740 nmethod 7171 0x00000279012f2e10 code [0x00000279012f3160, 0x00000279012f47d8]
Event: 2182.968 Thread 0x000002797ec9a020 nmethod 7133 0x0000027907f9eb90 code [0x0000027907f9eea0, 0x0000027907fa0398]
Event: 2182.968 Thread 0x000002797ec9a020 7142       4       java.lang.StringBuilder::<init> (6 bytes)
Event: 2182.969 Thread 0x000002797ec9a020 nmethod 7142 0x0000027907fa1590 code [0x0000027907fa1720, 0x0000027907fa17a8]
Event: 2182.969 Thread 0x000002797ec9a020 7145       4       org.springframework.transaction.annotation.JtaTransactionAnnotationParser::parseTransactionAnnotation (19 bytes)
Event: 2182.969 Thread 0x000002797ec9a020 nmethod 7145 0x0000027907fa1890 code [0x0000027907fa1a20, 0x0000027907fa1ac8]
Event: 2182.969 Thread 0x000002797ec9a020 7118       4       java.util.stream.ReferencePipeline::map (26 bytes)
Event: 2182.974 Thread 0x000002797ec9a020 nmethod 7118 0x0000027907fa1b90 code [0x0000027907fa1d20, 0x0000027907fa20d8]
Event: 2182.974 Thread 0x000002797ec9a020 7116       4       java.util.Arrays::asList (9 bytes)
Event: 2182.975 Thread 0x000002797ec9a020 nmethod 7116 0x0000027907fa2210 code [0x0000027907fa23a0, 0x0000027907fa24d8]

GC Heap History (20 events):
Event: 1489.962 GC heap before
{Heap before GC invocations=31 (full 0):
 garbage-first heap   total 65536K, used 53139K [0x00000000c0600000, 0x0000000100000000)
  region size 1024K, 19 young (19456K), 2 survivors (2048K)
 Metaspace       used 62622K, capacity 63139K, committed 63360K, reserved 1103872K
  class space    used 8040K, capacity 8234K, committed 8320K, reserved 1048576K
}
Event: 1489.966 GC heap after
{Heap after GC invocations=32 (full 0):
 garbage-first heap   total 65536K, used 35664K [0x00000000c0600000, 0x0000000100000000)
  region size 1024K, 2 young (2048K), 2 survivors (2048K)
 Metaspace       used 62622K, capacity 63139K, committed 63360K, reserved 1103872K
  class space    used 8040K, capacity 8234K, committed 8320K, reserved 1048576K
}
Event: 1964.650 GC heap before
{Heap before GC invocations=33 (full 0):
 garbage-first heap   total 65536K, used 54096K [0x00000000c0600000, 0x0000000100000000)
  region size 1024K, 20 young (20480K), 2 survivors (2048K)
 Metaspace       used 62519K, capacity 63034K, committed 63360K, reserved 1103872K
  class space    used 8019K, capacity 8191K, committed 8320K, reserved 1048576K
}
Event: 1964.655 GC heap after
{Heap after GC invocations=34 (full 0):
 garbage-first heap   total 65536K, used 35647K [0x00000000c0600000, 0x0000000100000000)
  region size 1024K, 2 young (2048K), 2 survivors (2048K)
 Metaspace       used 62519K, capacity 63034K, committed 63360K, reserved 1103872K
  class space    used 8019K, capacity 8191K, committed 8320K, reserved 1048576K
}
Event: 1990.630 GC heap before
{Heap before GC invocations=34 (full 0):
 garbage-first heap   total 65536K, used 36671K [0x00000000c0600000, 0x0000000100000000)
  region size 1024K, 3 young (3072K), 2 survivors (2048K)
 Metaspace       used 62519K, capacity 63034K, committed 63360K, reserved 1103872K
  class space    used 8019K, capacity 8191K, committed 8320K, reserved 1048576K
}
Event: 1990.652 GC heap after
{Heap after GC invocations=35 (full 0):
 garbage-first heap   total 65536K, used 33050K [0x00000000c0600000, 0x0000000100000000)
  region size 1024K, 1 young (1024K), 1 survivors (1024K)
 Metaspace       used 62519K, capacity 63034K, committed 63360K, reserved 1103872K
  class space    used 8019K, capacity 8191K, committed 8320K, reserved 1048576K
}
Event: 2043.084 GC heap before
{Heap before GC invocations=35 (full 0):
 garbage-first heap   total 65536K, used 35098K [0x00000000c0600000, 0x0000000100000000)
  region size 1024K, 3 young (3072K), 1 survivors (1024K)
 Metaspace       used 62519K, capacity 63034K, committed 63360K, reserved 1103872K
  class space    used 8019K, capacity 8191K, committed 8320K, reserved 1048576K
}
Event: 2043.097 GC heap after
{Heap after GC invocations=36 (full 0):
 garbage-first heap   total 65536K, used 31184K [0x00000000c0600000, 0x0000000100000000)
  region size 1024K, 1 young (1024K), 1 survivors (1024K)
 Metaspace       used 62519K, capacity 63034K, committed 63360K, reserved 1103872K
  class space    used 8019K, capacity 8191K, committed 8320K, reserved 1048576K
}
Event: 2178.167 GC heap before
{Heap before GC invocations=36 (full 0):
 garbage-first heap   total 65536K, used 39376K [0x00000000c0600000, 0x0000000100000000)
  region size 1024K, 10 young (10240K), 1 survivors (1024K)
 Metaspace       used 62696K, capacity 63235K, committed 63616K, reserved 1103872K
  class space    used 8046K, capacity 8194K, committed 8320K, reserved 1048576K
}
Event: 2178.238 GC heap after
{Heap after GC invocations=37 (full 1):
 garbage-first heap   total 65536K, used 25066K [0x00000000c0600000, 0x0000000100000000)
  region size 1024K, 0 young (0K), 0 survivors (0K)
 Metaspace       used 62693K, capacity 63229K, committed 63616K, reserved 1103872K
  class space    used 8045K, capacity 8192K, committed 8320K, reserved 1048576K
}
Event: 2181.610 GC heap before
{Heap before GC invocations=37 (full 1):
 garbage-first heap   total 65536K, used 53738K [0x00000000c0600000, 0x0000000100000000)
  region size 1024K, 28 young (28672K), 0 survivors (0K)
 Metaspace       used 63001K, capacity 63574K, committed 63872K, reserved 1105920K
  class space    used 8072K, capacity 8257K, committed 8320K, reserved 1048576K
}
Event: 2181.615 GC heap after
{Heap after GC invocations=38 (full 1):
 garbage-first heap   total 65536K, used 27158K [0x00000000c0600000, 0x0000000100000000)
  region size 1024K, 3 young (3072K), 3 survivors (3072K)
 Metaspace       used 63001K, capacity 63574K, committed 63872K, reserved 1105920K
  class space    used 8072K, capacity 8257K, committed 8320K, reserved 1048576K
}
Event: 2182.659 GC heap before
{Heap before GC invocations=38 (full 1):
 garbage-first heap   total 65536K, used 51734K [0x00000000c0600000, 0x0000000100000000)
  region size 1024K, 28 young (28672K), 3 survivors (3072K)
 Metaspace       used 63228K, capacity 63856K, committed 64128K, reserved 1105920K
  class space    used 8077K, capacity 8262K, committed 8320K, reserved 1048576K
}
Event: 2182.665 GC heap after
{Heap after GC invocations=39 (full 1):
 garbage-first heap   total 65536K, used 29331K [0x00000000c0600000, 0x0000000100000000)
  region size 1024K, 4 young (4096K), 4 survivors (4096K)
 Metaspace       used 63228K, capacity 63856K, committed 64128K, reserved 1105920K
  class space    used 8077K, capacity 8262K, committed 8320K, reserved 1048576K
}
Event: 2182.670 GC heap before
{Heap before GC invocations=39 (full 1):
 garbage-first heap   total 65536K, used 50835K [0x00000000c0600000, 0x0000000100000000)
  region size 1024K, 26 young (26624K), 4 survivors (4096K)
 Metaspace       used 63228K, capacity 63856K, committed 64128K, reserved 1105920K
  class space    used 8077K, capacity 8262K, committed 8320K, reserved 1048576K
}
Event: 2182.675 GC heap after
{Heap after GC invocations=40 (full 1):
 garbage-first heap   total 65536K, used 29398K [0x00000000c0600000, 0x0000000100000000)
  region size 1024K, 1 young (1024K), 1 survivors (1024K)
 Metaspace       used 63228K, capacity 63856K, committed 64128K, reserved 1105920K
  class space    used 8077K, capacity 8262K, committed 8320K, reserved 1048576K
}
Event: 2182.910 GC heap before
{Heap before GC invocations=40 (full 1):
 garbage-first heap   total 65536K, used 50902K [0x00000000c0600000, 0x0000000100000000)
  region size 1024K, 23 young (23552K), 1 survivors (1024K)
 Metaspace       used 63307K, capacity 63926K, committed 64128K, reserved 1105920K
  class space    used 8080K, capacity 8263K, committed 8320K, reserved 1048576K
}
Event: 2182.912 GC heap after
{Heap after GC invocations=41 (full 1):
 garbage-first heap   total 65536K, used 30549K [0x00000000c0600000, 0x0000000100000000)
  region size 1024K, 2 young (2048K), 2 survivors (2048K)
 Metaspace       used 63307K, capacity 63926K, committed 64128K, reserved 1105920K
  class space    used 8080K, capacity 8263K, committed 8320K, reserved 1048576K
}
Event: 2182.920 GC heap before
{Heap before GC invocations=41 (full 1):
 garbage-first heap   total 65536K, used 50005K [0x00000000c0600000, 0x0000000100000000)
  region size 1024K, 22 young (22528K), 2 survivors (2048K)
 Metaspace       used 63307K, capacity 63926K, committed 64128K, reserved 1105920K
  class space    used 8080K, capacity 8263K, committed 8320K, reserved 1048576K
}
Event: 2182.922 GC heap after
{Heap after GC invocations=42 (full 1):
 garbage-first heap   total 65536K, used 30597K [0x00000000c0600000, 0x0000000100000000)
  region size 1024K, 2 young (2048K), 2 survivors (2048K)
 Metaspace       used 63307K, capacity 63926K, committed 64128K, reserved 1105920K
  class space    used 8080K, capacity 8263K, committed 8320K, reserved 1048576K
}

Deoptimization events (20 events):
Event: 2182.571 Thread 0x000002790f552ef0 DEOPT PACKING pc=0x0000027907bdd200 sp=0x000000c9080fdcf0
Event: 2182.571 Thread 0x000002790f552ef0 DEOPT UNPACKING pc=0x000002790004e42f sp=0x000000c9080fdb08 mode 2
Event: 2182.686 Thread 0x000002790f552ef0 DEOPT PACKING pc=0x0000027900e2d6c6 sp=0x000000c9080fdfa0
Event: 2182.686 Thread 0x000002790f552ef0 DEOPT UNPACKING pc=0x000002790004e23f sp=0x000000c9080fd418 mode 0
Event: 2182.686 Thread 0x000002790f552ef0 DEOPT PACKING pc=0x0000027900e2d629 sp=0x000000c9080fdfa0
Event: 2182.686 Thread 0x000002790f552ef0 DEOPT UNPACKING pc=0x000002790004e23f sp=0x000000c9080fd418 mode 0
Event: 2182.737 Thread 0x000002790f552ef0 Uncommon trap: trap_request=0xffffffde fr.pc=0x0000027907db6cac relative=0x000000000000008c
Event: 2182.737 Thread 0x000002790f552ef0 Uncommon trap: reason=class_check action=maybe_recompile pc=0x0000027907db6cac method=java.util.Collections$2.tryAdvance(Ljava/util/function/Consumer;)Z @ 29 c2
Event: 2182.737 Thread 0x000002790f552ef0 DEOPT PACKING pc=0x0000027907db6cac sp=0x000000c9080fd510
Event: 2182.737 Thread 0x000002790f552ef0 DEOPT UNPACKING pc=0x000002790004e42f sp=0x000000c9080fd440 mode 2
Event: 2182.761 Thread 0x000002790f552ef0 DEOPT PACKING pc=0x00000279005e958e sp=0x000000c9080fd350
Event: 2182.761 Thread 0x000002790f552ef0 DEOPT UNPACKING pc=0x000002790004e23f sp=0x000000c9080fc7c0 mode 0
Event: 2182.776 Thread 0x000002790f552ef0 DEOPT PACKING pc=0x0000027900749681 sp=0x000000c9080fd1e0
Event: 2182.776 Thread 0x000002790f552ef0 DEOPT UNPACKING pc=0x000002790004e23f sp=0x000000c9080fc6d8 mode 0
Event: 2182.803 Thread 0x000002790f552ef0 DEOPT PACKING pc=0x0000027901290f49 sp=0x000000c9080f9580
Event: 2182.803 Thread 0x000002790f552ef0 DEOPT UNPACKING pc=0x000002790004e23f sp=0x000000c9080f8a58 mode 0
Event: 2182.886 Thread 0x000002790f552ef0 Uncommon trap: trap_request=0xffffff45 fr.pc=0x0000027907d30dd8 relative=0x00000000000033f8
Event: 2182.886 Thread 0x000002790f552ef0 Uncommon trap: reason=unstable_if action=reinterpret pc=0x0000027907d30dd8 method=java.net.URLStreamHandler.parseURL(Ljava/net/URL;Ljava/lang/String;II)V @ 57 c2
Event: 2182.886 Thread 0x000002790f552ef0 DEOPT PACKING pc=0x0000027907d30dd8 sp=0x000000c9080fd750
Event: 2182.886 Thread 0x000002790f552ef0 DEOPT UNPACKING pc=0x000002790004e42f sp=0x000000c9080fd710 mode 2

Classes unloaded (20 events):
Event: 1490.036 Thread 0x000002797d329550 Unloading class 0x0000000800c42c40 'jdk/internal/reflect/GeneratedConstructorAccessor4'
Event: 1490.036 Thread 0x000002797d329550 Unloading class 0x0000000800c46040 'java/lang/invoke/LambdaForm$MH+0x0000000800c46040'
Event: 1490.036 Thread 0x000002797d329550 Unloading class 0x0000000800c46c40 'java/lang/invoke/LambdaForm$MH+0x0000000800c46c40'
Event: 1490.036 Thread 0x000002797d329550 Unloading class 0x0000000800c46840 'java/lang/invoke/LambdaForm$MH+0x0000000800c46840'
Event: 1490.036 Thread 0x000002797d329550 Unloading class 0x0000000800c47440 'java/lang/invoke/LambdaForm$MH+0x0000000800c47440'
Event: 1490.036 Thread 0x000002797d329550 Unloading class 0x0000000800c47040 'java/lang/invoke/LambdaForm$MH+0x0000000800c47040'
Event: 1490.036 Thread 0x000002797d329550 Unloading class 0x0000000800c47840 'java/lang/invoke/LambdaForm$MH+0x0000000800c47840'
Event: 1490.036 Thread 0x000002797d329550 Unloading class 0x0000000800c40840 'java/lang/invoke/LambdaForm$MH+0x0000000800c40840'
Event: 1490.036 Thread 0x000002797d329550 Unloading class 0x0000000800c02840 'java/lang/invoke/LambdaForm$MH+0x0000000800c02840'
Event: 1490.036 Thread 0x000002797d329550 Unloading class 0x0000000800c02040 'java/lang/invoke/LambdaForm$MH+0x0000000800c02040'
Event: 1490.036 Thread 0x000002797d329550 Unloading class 0x0000000800c01c40 'java/lang/invoke/LambdaForm$MH+0x0000000800c01c40'
Event: 1490.036 Thread 0x000002797d329550 Unloading class 0x0000000800c01840 'java/lang/invoke/LambdaForm$MH+0x0000000800c01840'
Event: 1490.036 Thread 0x000002797d329550 Unloading class 0x0000000800c01440 'java/lang/invoke/LambdaForm$MH+0x0000000800c01440'
Event: 1490.036 Thread 0x000002797d329550 Unloading class 0x0000000800c01040 'java/lang/invoke/LambdaForm$MH+0x0000000800c01040'
Event: 1490.036 Thread 0x000002797d329550 Unloading class 0x0000000800c00c40 'java/lang/invoke/LambdaForm$MH+0x0000000800c00c40'
Event: 1490.036 Thread 0x000002797d329550 Unloading class 0x0000000800c00840 'java/lang/invoke/LambdaForm$MH+0x0000000800c00840'
Event: 1490.036 Thread 0x000002797d329550 Unloading class 0x0000000800c00440 'java/lang/invoke/LambdaForm$MH+0x0000000800c00440'
Event: 1490.036 Thread 0x000002797d329550 Unloading class 0x0000000800bb2440 'java/lang/invoke/LambdaForm$MH+0x0000000800bb2440'
Event: 2178.192 Thread 0x000002797d329550 Unloading class 0x0000000801329040 'java/lang/invoke/LambdaForm$MH+0x0000000801329040'
Event: 2178.192 Thread 0x000002797d329550 Unloading class 0x0000000801328c40 'java/lang/invoke/LambdaForm$BMH+0x0000000801328c40'

Classes redefined (0 events):
No events

Internal exceptions (20 events):
Event: 2182.722 Thread 0x000002790f552ef0 Exception <a 'java/io/IOException'{0x00000000c3c21610}> (0x00000000c3c21610) 
thrown [./open/src/hotspot/share/prims/jni.cpp, line 578]
Event: 2182.723 Thread 0x000002790f552ef0 Exception <a 'java/io/IOException'{0x00000000c3c2a350}> (0x00000000c3c2a350) 
thrown [./open/src/hotspot/share/prims/jni.cpp, line 578]
Event: 2182.723 Thread 0x000002790f552ef0 Exception <a 'java/io/IOException'{0x00000000c3c2a960}> (0x00000000c3c2a960) 
thrown [./open/src/hotspot/share/prims/jni.cpp, line 578]
Event: 2182.723 Thread 0x000002790f552ef0 Exception <a 'java/io/IOException'{0x00000000c3c2caf8}> (0x00000000c3c2caf8) 
thrown [./open/src/hotspot/share/prims/jni.cpp, line 578]
Event: 2182.723 Thread 0x000002790f552ef0 Exception <a 'java/io/IOException'{0x00000000c3c2d108}> (0x00000000c3c2d108) 
thrown [./open/src/hotspot/share/prims/jni.cpp, line 578]
Event: 2182.758 Thread 0x000002790f552ef0 Exception <a 'java/io/FileNotFoundException'{0x00000000c3c798d8}> (0x00000000c3c798d8) 
thrown [./open/src/hotspot/share/prims/jni.cpp, line 578]
Event: 2182.758 Thread 0x000002790f552ef0 Exception <a 'java/io/FileNotFoundException'{0x00000000c3c7ab48}> (0x00000000c3c7ab48) 
thrown [./open/src/hotspot/share/prims/jni.cpp, line 578]
Event: 2182.797 Thread 0x000002790f552ef0 Exception <a 'java/io/IOException'{0x00000000c3bdf480}> (0x00000000c3bdf480) 
thrown [./open/src/hotspot/share/prims/jni.cpp, line 578]
Event: 2182.798 Thread 0x000002790f552ef0 Exception <a 'java/io/IOException'{0x00000000c3bdfd38}> (0x00000000c3bdfd38) 
thrown [./open/src/hotspot/share/prims/jni.cpp, line 578]
Event: 2182.798 Thread 0x000002790f552ef0 Exception <a 'java/io/IOException'{0x00000000c3be1898}> (0x00000000c3be1898) 
thrown [./open/src/hotspot/share/prims/jni.cpp, line 578]
Event: 2182.798 Thread 0x000002790f552ef0 Exception <a 'java/io/IOException'{0x00000000c3be1ea8}> (0x00000000c3be1ea8) 
thrown [./open/src/hotspot/share/prims/jni.cpp, line 578]
Event: 2182.822 Thread 0x000002790f552ef0 Exception <a 'java/io/IOException'{0x00000000c378bd20}> (0x00000000c378bd20) 
thrown [./open/src/hotspot/share/prims/jni.cpp, line 578]
Event: 2182.822 Thread 0x000002790f552ef0 Exception <a 'java/io/IOException'{0x00000000c378c5d8}> (0x00000000c378c5d8) 
thrown [./open/src/hotspot/share/prims/jni.cpp, line 578]
Event: 2182.826 Thread 0x000002790f552ef0 Exception <a 'java/io/IOException'{0x00000000c379c528}> (0x00000000c379c528) 
thrown [./open/src/hotspot/share/prims/jni.cpp, line 578]
Event: 2182.826 Thread 0x000002790f552ef0 Exception <a 'java/io/IOException'{0x00000000c379cde0}> (0x00000000c379cde0) 
thrown [./open/src/hotspot/share/prims/jni.cpp, line 578]
Event: 2182.826 Thread 0x000002790f552ef0 Exception <a 'java/io/IOException'{0x00000000c379e810}> (0x00000000c379e810) 
thrown [./open/src/hotspot/share/prims/jni.cpp, line 578]
Event: 2182.826 Thread 0x000002790f552ef0 Exception <a 'java/io/IOException'{0x00000000c379f0c8}> (0x00000000c379f0c8) 
thrown [./open/src/hotspot/share/prims/jni.cpp, line 578]
Event: 2182.857 Thread 0x000002790f552ef0 Exception <a 'java/io/FileNotFoundException'{0x00000000c36e5188}> (0x00000000c36e5188) 
thrown [./open/src/hotspot/share/prims/jni.cpp, line 578]
Event: 2182.887 Thread 0x000002790f552ef0 Exception <a 'java/io/IOException'{0x00000000c34a2e68}> (0x00000000c34a2e68) 
thrown [./open/src/hotspot/share/prims/jni.cpp, line 578]
Event: 2182.887 Thread 0x000002790f552ef0 Exception <a 'java/io/IOException'{0x00000000c34a3478}> (0x00000000c34a3478) 
thrown [./open/src/hotspot/share/prims/jni.cpp, line 578]

Events (20 events):
Event: 2182.665 Executing VM operation: G1CollectForAllocation done
Event: 2182.670 Executing VM operation: G1CollectForAllocation
Event: 2182.675 Executing VM operation: G1CollectForAllocation done
Event: 2182.769 Loaded shared library C:\Program Files\Java\jdk-15.0.1\bin\zip.dll
Event: 2182.784 Loaded shared library C:\Program Files\Java\jdk-15.0.1\bin\nio.dll
Event: 2182.826 Thread 0x000002790f555a40 Thread added: 0x000002790f555a40
Event: 2182.859 Thread 0x000002790f553d60 Thread added: 0x000002790f553d60
Event: 2182.859 Thread 0x000002790f554230 Thread added: 0x000002790f554230
Event: 2182.859 Thread 0x000002790f5563e0 Thread added: 0x000002790f5563e0
Event: 2182.910 Executing VM operation: G1CollectForAllocation
Event: 2182.912 Executing VM operation: G1CollectForAllocation done
Event: 2182.912 Executing VM operation: HandshakeAllThreads
Event: 2182.912 Executing VM operation: HandshakeAllThreads done
Event: 2182.920 Executing VM operation: G1CollectForAllocation
Event: 2182.922 Executing VM operation: G1CollectForAllocation done
Event: 2182.931 Thread 0x000002790f554bd0 Thread added: 0x000002790f554bd0
Event: 2182.982 Executing VM operation: G1Concurrent
Event: 2182.985 Executing VM operation: G1Concurrent done
Event: 2183.018 Executing VM operation: G1Concurrent
Event: 2183.018 Executing VM operation: G1Concurrent done


Dynamic libraries:
0x00007ff650a30000 - 0x00007ff650a3f000 	C:\Program Files\Java\jdk-15.0.1\bin\javaw.exe
0x00007ffd977f0000 - 0x00007ffd979e6000 	C:\WINDOWS\SYSTEM32\ntdll.dll
0x00007ffd7c9e0000 - 0x00007ffd7c9f2000 	C:\Program Files\Avast Software\Avast\aswhook.dll
0x00007ffd967f0000 - 0x00007ffd968ad000 	C:\WINDOWS\System32\KERNEL32.DLL
0x00007ffd95520000 - 0x00007ffd957e9000 	C:\WINDOWS\System32\KERNELBASE.dll
0x00007ffd95260000 - 0x00007ffd95360000 	C:\WINDOWS\System32\ucrtbase.dll
0x00007ffd8e050000 - 0x00007ffd8e068000 	C:\Program Files\Java\jdk-15.0.1\bin\jli.dll
0x00007ffd968d0000 - 0x00007ffd9697c000 	C:\WINDOWS\System32\ADVAPI32.dll
0x00007ffd95850000 - 0x00007ffd958ee000 	C:\WINDOWS\System32\msvcrt.dll
0x00007ffd96520000 - 0x00007ffd965bc000 	C:\WINDOWS\System32\sechost.dll
0x00007ffd96120000 - 0x00007ffd9624b000 	C:\WINDOWS\System32\RPCRT4.dll
0x00007ffd969b0000 - 0x00007ffd96b50000 	C:\WINDOWS\System32\USER32.dll
0x00007ffd95200000 - 0x00007ffd95222000 	C:\WINDOWS\System32\win32u.dll
0x00007ffd966f0000 - 0x00007ffd9671a000 	C:\WINDOWS\System32\GDI32.dll
0x00007ffd95360000 - 0x00007ffd9546b000 	C:\WINDOWS\System32\gdi32full.dll
0x00007ffd94f30000 - 0x00007ffd94fcd000 	C:\WINDOWS\System32\msvcp_win.dll
0x00007ffd8df10000 - 0x00007ffd8df29000 	C:\Program Files\Java\jdk-15.0.1\bin\VCRUNTIME140.dll
0x00007ffd73a50000 - 0x00007ffd73ceb000 	C:\WINDOWS\WinSxS\amd64_microsoft.windows.common-controls_6595b64144ccf1df_6.0.19041.746_none_ca02b4b61b8320a4\COMCTL32.dll
0x00007ffd8f910000 - 0x00007ffd8f91a000 	C:\WINDOWS\SYSTEM32\VERSION.dll
0x00007ffd96980000 - 0x00007ffd969b0000 	C:\WINDOWS\System32\IMM32.DLL
0x00007ffd92570000 - 0x00007ffd9257c000 	C:\Program Files\Java\jdk-15.0.1\bin\vcruntime140_1.dll
0x00007ffd7c0f0000 - 0x00007ffd7c181000 	C:\Program Files\Java\jdk-15.0.1\bin\msvcp140.dll
0x00007ffd67730000 - 0x00007ffd6828e000 	C:\Program Files\Java\jdk-15.0.1\bin\server\jvm.dll
0x00007ffd967e0000 - 0x00007ffd967e8000 	C:\WINDOWS\System32\PSAPI.DLL
0x00007ffd8abe0000 - 0x00007ffd8abe9000 	C:\WINDOWS\SYSTEM32\WSOCK32.dll
0x00007ffd96680000 - 0x00007ffd966eb000 	C:\WINDOWS\System32\WS2_32.dll
0x00007ffd82ec0000 - 0x00007ffd82ee7000 	C:\WINDOWS\SYSTEM32\WINMM.dll
0x00007ffd92eb0000 - 0x00007ffd92ec2000 	C:\WINDOWS\SYSTEM32\kernel.appcore.dll
0x00007ffd92080000 - 0x00007ffd9208a000 	C:\Program Files\Java\jdk-15.0.1\bin\jimage.dll
0x00007ffd8e870000 - 0x00007ffd8ea54000 	C:\WINDOWS\SYSTEM32\DBGHELP.DLL
0x00007ffd8e840000 - 0x00007ffd8e86c000 	C:\WINDOWS\SYSTEM32\dbgcore.DLL
0x00007ffd95130000 - 0x00007ffd951b0000 	C:\WINDOWS\System32\bcryptPrimitives.dll
0x00007ffd86bf0000 - 0x00007ffd86c15000 	C:\Program Files\Java\jdk-15.0.1\bin\java.dll
0x00007ffd958f0000 - 0x00007ffd96033000 	C:\WINDOWS\System32\SHELL32.dll
0x00007ffd930b0000 - 0x00007ffd9383f000 	C:\WINDOWS\SYSTEM32\windows.storage.dll
0x00007ffd96b50000 - 0x00007ffd96ea6000 	C:\WINDOWS\System32\combase.dll
0x00007ffd948c0000 - 0x00007ffd948ec000 	C:\WINDOWS\SYSTEM32\Wldp.dll
0x00007ffd96eb0000 - 0x00007ffd96f5e000 	C:\WINDOWS\System32\SHCORE.dll
0x00007ffd96620000 - 0x00007ffd96675000 	C:\WINDOWS\System32\shlwapi.dll
0x00007ffd94e60000 - 0x00007ffd94e86000 	C:\WINDOWS\SYSTEM32\profapi.dll
0x00007ffd8cb00000 - 0x00007ffd8cb19000 	C:\Program Files\Java\jdk-15.0.1\bin\net.dll
0x00007ffd8d3d0000 - 0x00007ffd8d4d0000 	C:\WINDOWS\SYSTEM32\WINHTTP.dll
0x00007ffd94640000 - 0x00007ffd946aa000 	C:\WINDOWS\system32\mswsock.dll
0x00007ffd8c8a0000 - 0x00007ffd8c8b2000 	C:\Program Files\Java\jdk-15.0.1\bin\nio.dll
0x00007ffd86d10000 - 0x00007ffd86d28000 	C:\Program Files\Java\jdk-15.0.1\bin\zip.dll
0x00007ffd91cd0000 - 0x00007ffd91ce0000 	C:\Program Files\Java\jdk-15.0.1\bin\verify.dll
0x00007ffd90b60000 - 0x00007ffd90b69000 	C:\Program Files\Java\jdk-15.0.1\bin\management.dll
0x00007ffd90600000 - 0x00007ffd9060b000 	C:\Program Files\Java\jdk-15.0.1\bin\management_ext.dll
0x00007ffd83810000 - 0x00007ffd83827000 	C:\WINDOWS\system32\napinsp.dll
0x00007ffd837f0000 - 0x00007ffd8380b000 	C:\WINDOWS\system32\pnrpnsp.dll
0x00007ffd837d0000 - 0x00007ffd837e5000 	C:\WINDOWS\system32\wshbth.dll
0x00007ffd90ba0000 - 0x00007ffd90bbd000 	C:\WINDOWS\system32\NLAapi.dll
0x00007ffd94330000 - 0x00007ffd9436b000 	C:\WINDOWS\SYSTEM32\IPHLPAPI.DLL
0x00007ffd94370000 - 0x00007ffd9443b000 	C:\WINDOWS\SYSTEM32\DNSAPI.dll
0x00007ffd97560000 - 0x00007ffd97568000 	C:\WINDOWS\System32\NSI.dll
0x00007ffd837b0000 - 0x00007ffd837c2000 	C:\WINDOWS\System32\winrnr.dll
0x0000000070eb0000 - 0x0000000070ed6000 	C:\Program Files\Bonjour\mdnsNSP.dll
0x00007ffd8d360000 - 0x00007ffd8d36a000 	C:\Windows\System32\rasadhlp.dll
0x00007ffd8ca50000 - 0x00007ffd8cacf000 	C:\WINDOWS\System32\fwpuclnt.dll
0x00007ffd95230000 - 0x00007ffd95257000 	C:\WINDOWS\System32\bcrypt.dll
0x00007ffd94820000 - 0x00007ffd94838000 	C:\WINDOWS\SYSTEM32\CRYPTSP.dll
0x00007ffd93fe0000 - 0x00007ffd94014000 	C:\WINDOWS\system32\rsaenh.dll
0x00007ffd94de0000 - 0x00007ffd94e0e000 	C:\WINDOWS\SYSTEM32\USERENV.dll
0x00007ffd94810000 - 0x00007ffd9481c000 	C:\WINDOWS\SYSTEM32\CRYPTBASE.dll
0x00007ffd8f2d0000 - 0x00007ffd8f2e7000 	C:\WINDOWS\SYSTEM32\dhcpcsvc6.DLL
0x00007ffd8f2b0000 - 0x00007ffd8f2cd000 	C:\WINDOWS\SYSTEM32\dhcpcsvc.DLL

dbghelp: loaded successfully - version: 4.0.5 - missing functions: none
symbol engine: initialized successfully - sym options: 0x614 - pdb path: .;C:\Program Files\Java\jdk-15.0.1\bin;C:\WINDOWS\SYSTEM32;C:\Program Files\Avast Software\Avast;C:\WINDOWS\WinSxS\amd64_microsoft.windows.common-controls_6595b64144ccf1df_6.0.19041.746_none_ca02b4b61b8320a4;C:\Program Files\Java\jdk-15.0.1\bin\server;C:\Program Files\Bonjour

VM Arguments:
jvm_args: -Dfile.encoding=UTF-8 -XX:+ShowCodeDetailsInExceptionMessages 
java_command: com.classe.classevirtuelle.ClassevirtuelleApplication
java_class_path (initial): C:\Users\fujitsu\Desktop\projet1\classevirtuelle\target\test-classes;C:\Users\fujitsu\Desktop\projet1\classevirtuelle\target\classes;C:\Users\fujitsu\.m2\repository\org\springframework\boot\spring-boot-starter-web\2.4.1\spring-boot-starter-web-2.4.1.jar;C:\Users\fujitsu\.m2\repository\org\springframework\boot\spring-boot-starter\2.4.1\spring-boot-starter-2.4.1.jar;C:\Users\fujitsu\.m2\repository\org\springframework\boot\spring-boot-starter-logging\2.4.1\spring-boot-starter-logging-2.4.1.jar;C:\Users\fujitsu\.m2\repository\ch\qos\logback\logback-classic\1.2.3\logback-classic-1.2.3.jar;C:\Users\fujitsu\.m2\repository\ch\qos\logback\logback-core\1.2.3\logback-core-1.2.3.jar;C:\Users\fujitsu\.m2\repository\org\apache\logging\log4j\log4j-to-slf4j\2.13.3\log4j-to-slf4j-2.13.3.jar;C:\Users\fujitsu\.m2\repository\org\apache\logging\log4j\log4j-api\2.13.3\log4j-api-2.13.3.jar;C:\Users\fujitsu\.m2\repository\org\slf4j\jul-to-slf4j\1.7.30\jul-to-slf4j-1.7.30.jar;C:\Users\fujitsu\.m2\repository\jakarta\annotation\jakarta.annotation-api\1.3.5\jakarta.annotation-api-1.3.5.jar;C:\Users\fujitsu\.m2\repository\org\yaml\snakeyaml\1.27\snakeyaml-1.27.jar;C:\Users\fujitsu\.m2\repository\org\springframework\boot\spring-boot-starter-json\2.4.1\spring-boot-starter-json-2.4.1.jar;C:\Users\fujitsu\.m2\repository\com\fasterxml\jackson\core\jackson-databind\2.11.3\jackson-databind-2.11.3.jar;C:\Users\fujitsu\.m2\repository\com\fasterxml\jackson\core\jackson-core\2.11.3\jackson-core-2.11.3.jar;C:\Users\fujitsu\.m2\repository\com\fasterxml\jackson\datatype\jackson-datatype-jdk8\2.11.3\jackson-datatype-jdk8-2.11.3.jar;C:\Users\fujitsu\.m2\repository\com\fasterxml\jackson\datatype\jackson-datatype-jsr310\2.11.3\jackson-datatype-jsr310-2.11.3.jar;C:\Users\fujitsu\.m2\repository\com\fasterxml\jackson\module\jackson-module-parameter-names\2.11.3\jackson-module-parameter-names-2.11.3.jar;C:\Users\fujitsu\.m2\repository\org\springframework\boot\spring-boot-starter-tomcat\2
Launcher Type: SUN_STANDARD

[Global flags]
     intx CICompilerCount                          = 3                                         {product} {ergonomic}
     uint ConcGCThreads                            = 1                                         {product} {ergonomic}
     uint G1ConcRefinementThreads                  = 4                                         {product} {ergonomic}
   size_t G1HeapRegionSize                         = 1048576                                   {product} {ergonomic}
    uintx GCDrainStackTargetSize                   = 64                                        {product} {ergonomic}
   size_t InitialHeapSize                          = 67108864                                  {product} {ergonomic}
   size_t MarkStackSize                            = 4194304                                   {product} {ergonomic}
   size_t MaxHeapSize                              = 1067450368                                {product} {ergonomic}
   size_t MaxNewSize                               = 639631360                                 {product} {ergonomic}
   size_t MinHeapDeltaBytes                        = 1048576                                   {product} {ergonomic}
   size_t MinHeapSize                              = 8388608                                   {product} {ergonomic}
    uintx NonNMethodCodeHeapSize                   = 5832780                                {pd product} {ergonomic}
    uintx NonProfiledCodeHeapSize                  = 122912730                              {pd product} {ergonomic}
    uintx ProfiledCodeHeapSize                     = 122912730                              {pd product} {ergonomic}
    uintx ReservedCodeCacheSize                    = 251658240                              {pd product} {ergonomic}
     bool SegmentedCodeCache                       = true                                      {product} {ergonomic}
     bool ShowCodeDetailsInExceptionMessages       = true                                   {manageable} {command line}
   size_t SoftMaxHeapSize                          = 1067450368                             {manageable} {ergonomic}
     bool UseCompressedClassPointers               = true                                 {lp64_product} {ergonomic}
     bool UseCompressedOops                        = true                                 {lp64_product} {ergonomic}
     bool UseG1GC                                  = true                                      {product} {ergonomic}
     bool UseLargePagesIndividualAllocation        = false                                  {pd product} {ergonomic}

Logging:
Log output configuration:
 #0: stdout all=warning uptime,level,tags
 #1: stderr all=off uptime,level,tags

Environment Variables:
PATH=C:/Users/fujitsu/.p2/pool/plugins/org.eclipse.justj.openjdk.hotspot.jre.full.win32.x86_64_14.0.2.v20200815-0932/jre/bin/server;C:/Users/fujitsu/.p2/pool/plugins/org.eclipse.justj.openjdk.hotspot.jre.full.win32.x86_64_14.0.2.v20200815-0932/jre/bin;C:\Program Files\Common Files\Oracle\Java\javapath;C:\WINDOWS\system32;C:\WINDOWS;C:\WINDOWS\System32\Wbem;C:\WINDOWS\System32\WindowsPowerShell\v1.0\;C:\WINDOWS\System32\OpenSSH\;C:\Program Files\Git\cmd;C:\Program Files\nodejs\;C:\Program Files (x86)\Yarn\bin\;C:\composer;C:\Program Files\Symfony;C:\apache-maven-3.6.3\bin;C:\Users\fujitsu\AppData\Local\Microsoft\WindowsApps;C:\Users\fujitsu\AppData\Roaming\npm;C:\Users\fujitsu\AppData\Local\Yarn\bin;C:\Users\fujitsu\AppData\Local\Programs\Microsoft VS Code\bin;C:\Program Files\JetBrains\WebStorm 2020.2.2\bin;;C:\wamp64\bin\php\php7.4.9;C:\Users\fujitsu\AppData\Roaming\Composer\vendor\bin;C:\Users\fujitsu\Desktop;
USERNAME=fujitsu
OS=Windows_NT
PROCESSOR_IDENTIFIER=Intel64 Family 6 Model 42 Stepping 7, GenuineIntel



---------------  S Y S T E M  ---------------

OS:
 Windows 10 , 64 bit Build 19041 (10.0.19041.662)
OS uptime: 6 days 6:42 hours

CPU: total 4 (initial active 4) (4 cores per cpu, 1 threads per core) family 6 model 42 stepping 7 microcode 0x2f, cmov, cx8, fxsr, mmx, sse, sse2, sse3, ssse3, sse4.1, sse4.2, popcnt, vzeroupper, avx, aes, clmul, tsc, tscinvbit, clflush

Memory: 4k page, system-wide physical 4070M (555M free)
TotalPageFile size 16358M (AvailPageFile size 2M)
current process WorkingSet (physical memory assigned to process): 262M, peak: 262M
current process commit charge ("private bytes"): 305M, peak: 305M

vm_info: Java HotSpot(TM) 64-Bit Server VM (15.0.1+9-18) for windows-amd64 JRE (15.0.1+9-18), built on Sep 15 2020 14:43:54 by "mach5one" with unknown MS VC++:1925

END.
