#
# There is insufficient memory for the Java Runtime Environment to continue.
# Native memory allocation (malloc) failed to allocate 1881136 bytes for Chunk::new
# Possible reasons:
#   The system is out of physical RAM or swap space
#   The process is running with CompressedOops enabled, and the Java Heap may be blocking the growth of the native heap
# Possible solutions:
#   Reduce memory load on the system
#   Increase physical memory or swap space
#   Check if swap backing store is full
#   Decrease Java heap size (-Xmx/-Xms)
#   Decrease number of Java threads
#   Decrease Java thread stack sizes (-Xss)
#   Set larger code cache with -XX:ReservedCodeCacheSize=
#   JVM is running with Unscaled Compressed Oops mode in which the Java heap is
#     placed in the first 4GB address space. The Java Heap base address is the
#     maximum limit for the native heap growth. Please use -XX:HeapBaseMinAddress
#     to set the Java Heap base and to place the Java Heap above 4GB virtual address.
# This output file may be truncated or incomplete.
#
#  Out of Memory Error (./open/src/hotspot/share/memory/arena.cpp:195), pid=12072, tid=10564
#
# JRE version: Java(TM) SE Runtime Environment (15.0.1+9) (build 15.0.1+9-18)
# Java VM: Java HotSpot(TM) 64-Bit Server VM (15.0.1+9-18, mixed mode, sharing, tiered, compressed oops, g1 gc, windows-amd64)
# No core dump will be written. Minidumps are not enabled by default on client versions of Windows
#

---------------  S U M M A R Y ------------

Command Line: -Dfile.encoding=UTF-8 -XX:+ShowCodeDetailsInExceptionMessages com.classroom.virtualclassroom.VirtualClassroomApplication

Host: Intel(R) Xeon(R) CPU E31220 @ 3.10GHz, 4 cores, 3G,  Windows 10 , 64 bit Build 19041 (10.0.19041.662)
Time: Sat Feb  6 19:54:24 2021 Paris, Madrid elapsed time: 68.591500 seconds (0d 0h 1m 8s)

---------------  T H R E A D  ---------------

Current thread (0x00000205a1321a90):  JavaThread "C2 CompilerThread0" daemon [_thread_in_native, id=10564, stack(0x000000db42600000,0x000000db42700000)]


Current CompileTask:
C2:  68620 2172   !   4       jdk.internal.loader.BuiltinClassLoader::loadClassOrNull (143 bytes)

Stack: [0x000000db42600000,0x000000db42700000]
Native frames: (J=compiled Java code, j=interpreted, Vv=VM code, C=native code)
V  [jvm.dll+0x62ae9a]
V  [jvm.dll+0x781389]
V  [jvm.dll+0x782ae3]
V  [jvm.dll+0x783143]
V  [jvm.dll+0x216265]
V  [jvm.dll+0x97efa]
V  [jvm.dll+0x985dc]
V  [jvm.dll+0x32e4c8]
V  [jvm.dll+0x2f78aa]
V  [jvm.dll+0x2f6c6a]
V  [jvm.dll+0x1ea645]
V  [jvm.dll+0x1e98ae]
V  [jvm.dll+0x1784c7]
V  [jvm.dll+0x1f9165]
V  [jvm.dll+0x1f720c]
V  [jvm.dll+0x74485d]
V  [jvm.dll+0x73d65a]
V  [jvm.dll+0x629c56]
C  [ucrtbase.dll+0x214c2]
C  [KERNEL32.DLL+0x17034]
C  [ntdll.dll+0x4d0d1]


---------------  P R O C E S S  ---------------

Threads class SMR info:
_java_thread_list=0x00000205a2736da0, length=15, elements={
0x00000205837247a0, 0x00000205a12fcaa0, 0x00000205a12fd580, 0x00000205a1315b50,
0x00000205a1318420, 0x00000205a1318ce0, 0x00000205a1321a90, 0x00000205a1329a90,
0x00000205a134a3a0, 0x00000205a1db6d40, 0x00000205a1dbe6f0, 0x00000205a1d4c350,
0x00000205a1d4c820, 0x00000205a2f74910, 0x00000205a25dcd10
}

Java Threads: ( => current thread )
  0x00000205837247a0 JavaThread "main" [_thread_blocked, id=8328, stack(0x000000db41a00000,0x000000db41b00000)]
  0x00000205a12fcaa0 JavaThread "Reference Handler" daemon [_thread_blocked, id=816, stack(0x000000db42100000,0x000000db42200000)]
  0x00000205a12fd580 JavaThread "Finalizer" daemon [_thread_blocked, id=7592, stack(0x000000db42200000,0x000000db42300000)]
  0x00000205a1315b50 JavaThread "Signal Dispatcher" daemon [_thread_blocked, id=2312, stack(0x000000db42300000,0x000000db42400000)]
  0x00000205a1318420 JavaThread "Attach Listener" daemon [_thread_blocked, id=2092, stack(0x000000db42400000,0x000000db42500000)]
  0x00000205a1318ce0 JavaThread "Service Thread" daemon [_thread_blocked, id=13148, stack(0x000000db42500000,0x000000db42600000)]
=>0x00000205a1321a90 JavaThread "C2 CompilerThread0" daemon [_thread_in_native, id=10564, stack(0x000000db42600000,0x000000db42700000)]
  0x00000205a1329a90 JavaThread "C1 CompilerThread0" daemon [_thread_blocked, id=7680, stack(0x000000db42700000,0x000000db42800000)]
  0x00000205a134a3a0 JavaThread "Sweeper thread" daemon [_thread_blocked, id=13000, stack(0x000000db42800000,0x000000db42900000)]
  0x00000205a1db6d40 JavaThread "Notification Thread" daemon [_thread_blocked, id=2512, stack(0x000000db42900000,0x000000db42a00000)]
  0x00000205a1dbe6f0 JavaThread "Common-Cleaner" daemon [_thread_blocked, id=15056, stack(0x000000db42b00000,0x000000db42c00000)]
  0x00000205a1d4c350 JavaThread "Thread-0" [_thread_blocked, id=6512, stack(0x000000db42e00000,0x000000db42f00000)]
  0x00000205a1d4c820 JavaThread "restartedMain" [_thread_in_native, id=12164, stack(0x000000db42f00000,0x000000db43000000)]
  0x00000205a2f74910 JavaThread "background-preinit" [_thread_in_vm, id=7248, stack(0x000000db43000000,0x000000db43100000)]
  0x00000205a25dcd10 JavaThread "Thread-3" [_thread_blocked, id=4352, stack(0x000000db43300000,0x000000db43400000)]

Other Threads:
  0x00000205a12f9300 VMThread "VM Thread" [stack: 0x000000db42000000,0x000000db42100000] [id=9880]
  0x00000205a1dba230 WatcherThread [stack: 0x000000db42a00000,0x000000db42b00000] [id=6836]
  0x0000020583753fd0 GCTaskThread "GC Thread#0" [stack: 0x000000db41b00000,0x000000db41c00000] [id=11084]
  0x00000205a2217290 GCTaskThread "GC Thread#1" [stack: 0x000000db42c00000,0x000000db42d00000] [id=2032]
  0x00000205a2214c50 GCTaskThread "GC Thread#2" [stack: 0x000000db43100000,0x000000db43200000] [id=12712]
  0x00000205a22165d0 GCTaskThread "GC Thread#3" [stack: 0x000000db43200000,0x000000db43300000] [id=6700]
  0x000002058375e960 ConcurrentGCThread "G1 Main Marker" [stack: 0x000000db41c00000,0x000000db41d00000] [id=1944]
  0x000002058375f550 ConcurrentGCThread "G1 Conc#0" [stack: 0x000000db41d00000,0x000000db41e00000] [id=9920]
  0x00000205837b36d0 ConcurrentGCThread "G1 Refine#0" [stack: 0x000000db41e00000,0x000000db41f00000] [id=10088]
  0x00000205a1d63760 ConcurrentGCThread "G1 Refine#1" [stack: 0x000000db42d00000,0x000000db42e00000] [id=6816]
  0x00000205837b60a0 ConcurrentGCThread "G1 Young RemSet Sampling" [stack: 0x000000db41f00000,0x000000db42000000] [id=6660]

Threads with active compile tasks:
C2 CompilerThread0    70676 2172   !   4       jdk.internal.loader.BuiltinClassLoader::loadClassOrNull (143 bytes)

VM state: at safepoint (normal execution)

VM Mutex/Monitor currently owned by a thread:  ([mutex/lock_event])
[0x0000020583720a50] Threads_lock - owner thread: 0x00000205a12f9300
[0x000002058371fd60] Heap_lock - owner thread: 0x00000205a2f74910

Heap address: 0x00000000c0600000, size: 1018 MB, Compressed Oops mode: 32-bit
CDS archive(s) mapped at: [0x0000000800000000-0x0000000800b50000-0x0000000800b50000), size 11862016, SharedBaseAddress: 0x0000000800000000, ArchiveRelocationMode: 0.
Compressed class space mapped at: 0x0000000800b50000-0x0000000840b50000, size: 1073741824
Narrow klass base: 0x0000000800000000, Narrow klass shift: 3, Narrow klass range: 0x100000000

GC Precious Log:
 CPUs: 4 total, 4 available
 Memory: 4070M
 Large Page Support: Disabled
 NUMA Support: Disabled
 Compressed Oops: Enabled (32-bit)
 Heap Region Size: 1M
 Heap Min Capacity: 8M
 Heap Initial Capacity: 64M
 Heap Max Capacity: 1018M
 Pre-touch: Disabled
 Parallel Workers: 4
 Concurrent Workers: 1
 Concurrent Refinement Workers: 4
 Periodic GC: Disabled

Heap:
 garbage-first heap   total 65536K, used 23871K [0x00000000c0600000, 0x0000000100000000)
  region size 1024K, 14 young (14336K), 1 survivors (1024K)
 Metaspace       used 18830K, capacity 19050K, committed 19072K, reserved 1073152K
  class space    used 2323K, capacity 2419K, committed 2432K, reserved 1048576K

Heap Regions: E=young(eden), S=young(survivor), O=old, HS=humongous(starts), HC=humongous(continues), CS=collection set, F=free, OA=open archive, CA=closed archive, TAMS=top-at-mark-start (previous, next)
|   0|0x00000000c0600000, 0x00000000c0700000, 0x00000000c0700000|100%|HS|  |TAMS 0x00000000c0600000, 0x00000000c0700000| Complete 
|   1|0x00000000c0700000, 0x00000000c0800000, 0x00000000c0800000|100%| O|  |TAMS 0x00000000c0700000, 0x00000000c0800000| Untracked 
|   2|0x00000000c0800000, 0x00000000c0900000, 0x00000000c0900000|100%| O|  |TAMS 0x00000000c0800000, 0x00000000c0900000| Untracked 
|   3|0x00000000c0900000, 0x00000000c0a00000, 0x00000000c0a00000|100%| O|  |TAMS 0x00000000c0900000, 0x00000000c0a00000| Untracked 
|   4|0x00000000c0a00000, 0x00000000c0b00000, 0x00000000c0b00000|100%| O|  |TAMS 0x00000000c0a00000, 0x00000000c0b00000| Untracked 
|   5|0x00000000c0b00000, 0x00000000c0c00000, 0x00000000c0c00000|100%| O|  |TAMS 0x00000000c0b00000, 0x00000000c0c00000| Untracked 
|   6|0x00000000c0c00000, 0x00000000c0d00000, 0x00000000c0d00000|100%| O|  |TAMS 0x00000000c0c00000, 0x00000000c0d00000| Untracked 
|   7|0x00000000c0d00000, 0x00000000c0e00000, 0x00000000c0e00000|100%| O|  |TAMS 0x00000000c0d00000, 0x00000000c0e00000| Untracked 
|   8|0x00000000c0e00000, 0x00000000c0ebd200, 0x00000000c0f00000| 73%| O|  |TAMS 0x00000000c0e00000, 0x00000000c0ebd200| Untracked 
|   9|0x00000000c0f00000, 0x00000000c0f00000, 0x00000000c1000000|  0%| F|  |TAMS 0x00000000c0f00000, 0x00000000c0f00000| Untracked 
|  10|0x00000000c1000000, 0x00000000c1000000, 0x00000000c1100000|  0%| F|  |TAMS 0x00000000c1000000, 0x00000000c1000000| Untracked 
|  11|0x00000000c1100000, 0x00000000c1100000, 0x00000000c1200000|  0%| F|  |TAMS 0x00000000c1100000, 0x00000000c1100000| Untracked 
|  12|0x00000000c1200000, 0x00000000c1200000, 0x00000000c1300000|  0%| F|  |TAMS 0x00000000c1200000, 0x00000000c1200000| Untracked 
|  13|0x00000000c1300000, 0x00000000c1300000, 0x00000000c1400000|  0%| F|  |TAMS 0x00000000c1300000, 0x00000000c1300000| Untracked 
|  14|0x00000000c1400000, 0x00000000c1400000, 0x00000000c1500000|  0%| F|  |TAMS 0x00000000c1400000, 0x00000000c1400000| Untracked 
|  15|0x00000000c1500000, 0x00000000c1500000, 0x00000000c1600000|  0%| F|  |TAMS 0x00000000c1500000, 0x00000000c1500000| Untracked 
|  16|0x00000000c1600000, 0x00000000c1600000, 0x00000000c1700000|  0%| F|  |TAMS 0x00000000c1600000, 0x00000000c1600000| Untracked 
|  17|0x00000000c1700000, 0x00000000c1700000, 0x00000000c1800000|  0%| F|  |TAMS 0x00000000c1700000, 0x00000000c1700000| Untracked 
|  18|0x00000000c1800000, 0x00000000c1800000, 0x00000000c1900000|  0%| F|  |TAMS 0x00000000c1800000, 0x00000000c1800000| Untracked 
|  19|0x00000000c1900000, 0x00000000c1900000, 0x00000000c1a00000|  0%| F|  |TAMS 0x00000000c1900000, 0x00000000c1900000| Untracked 
|  20|0x00000000c1a00000, 0x00000000c1a00000, 0x00000000c1b00000|  0%| F|  |TAMS 0x00000000c1a00000, 0x00000000c1a00000| Untracked 
|  21|0x00000000c1b00000, 0x00000000c1b00000, 0x00000000c1c00000|  0%| F|  |TAMS 0x00000000c1b00000, 0x00000000c1b00000| Untracked 
|  22|0x00000000c1c00000, 0x00000000c1c00000, 0x00000000c1d00000|  0%| F|  |TAMS 0x00000000c1c00000, 0x00000000c1c00000| Untracked 
|  23|0x00000000c1d00000, 0x00000000c1d00000, 0x00000000c1e00000|  0%| F|  |TAMS 0x00000000c1d00000, 0x00000000c1d00000| Untracked 
|  24|0x00000000c1e00000, 0x00000000c1e00000, 0x00000000c1f00000|  0%| F|  |TAMS 0x00000000c1e00000, 0x00000000c1e00000| Untracked 
|  25|0x00000000c1f00000, 0x00000000c1f611b0, 0x00000000c2000000| 37%| E|CS|TAMS 0x00000000c1f00000, 0x00000000c1f611b0| Complete 
|  26|0x00000000c2000000, 0x00000000c2000000, 0x00000000c2100000|  0%| F|  |TAMS 0x00000000c2000000, 0x00000000c2000000| Untracked 
|  27|0x00000000c2100000, 0x00000000c2100000, 0x00000000c2200000|  0%| F|  |TAMS 0x00000000c2100000, 0x00000000c2100000| Untracked 
|  28|0x00000000c2200000, 0x00000000c2300000, 0x00000000c2300000|100%| E|CS|TAMS 0x00000000c2200000, 0x00000000c2300000| Complete 
|  29|0x00000000c2300000, 0x00000000c2400000, 0x00000000c2400000|100%| E|CS|TAMS 0x00000000c2300000, 0x00000000c2400000| Complete 
|  30|0x00000000c2400000, 0x00000000c2400000, 0x00000000c2500000|  0%| F|  |TAMS 0x00000000c2400000, 0x00000000c2400000| Untracked 
|  31|0x00000000c2500000, 0x00000000c2500000, 0x00000000c2600000|  0%| F|  |TAMS 0x00000000c2500000, 0x00000000c2500000| Untracked 
|  32|0x00000000c2600000, 0x00000000c2600000, 0x00000000c2700000|  0%| F|  |TAMS 0x00000000c2600000, 0x00000000c2600000| Untracked 
|  33|0x00000000c2700000, 0x00000000c2700000, 0x00000000c2800000|  0%| F|  |TAMS 0x00000000c2700000, 0x00000000c2700000| Untracked 
|  34|0x00000000c2800000, 0x00000000c2800000, 0x00000000c2900000|  0%| F|  |TAMS 0x00000000c2800000, 0x00000000c2800000| Untracked 
|  35|0x00000000c2900000, 0x00000000c2900000, 0x00000000c2a00000|  0%| F|  |TAMS 0x00000000c2900000, 0x00000000c2900000| Untracked 
|  36|0x00000000c2a00000, 0x00000000c2a00000, 0x00000000c2b00000|  0%| F|  |TAMS 0x00000000c2a00000, 0x00000000c2a00000| Untracked 
|  37|0x00000000c2b00000, 0x00000000c2b00000, 0x00000000c2c00000|  0%| F|  |TAMS 0x00000000c2b00000, 0x00000000c2b00000| Untracked 
|  38|0x00000000c2c00000, 0x00000000c2c00000, 0x00000000c2d00000|  0%| F|  |TAMS 0x00000000c2c00000, 0x00000000c2c00000| Untracked 
|  39|0x00000000c2d00000, 0x00000000c2d00000, 0x00000000c2e00000|  0%| F|  |TAMS 0x00000000c2d00000, 0x00000000c2d00000| Untracked 
|  40|0x00000000c2e00000, 0x00000000c2e00000, 0x00000000c2f00000|  0%| F|  |TAMS 0x00000000c2e00000, 0x00000000c2e00000| Untracked 
|  41|0x00000000c2f00000, 0x00000000c2f00000, 0x00000000c3000000|  0%| F|  |TAMS 0x00000000c2f00000, 0x00000000c2f00000| Untracked 
|  42|0x00000000c3000000, 0x00000000c3000000, 0x00000000c3100000|  0%| F|  |TAMS 0x00000000c3000000, 0x00000000c3000000| Untracked 
|  43|0x00000000c3100000, 0x00000000c3100000, 0x00000000c3200000|  0%| F|  |TAMS 0x00000000c3100000, 0x00000000c3100000| Untracked 
|  44|0x00000000c3200000, 0x00000000c3200000, 0x00000000c3300000|  0%| F|  |TAMS 0x00000000c3200000, 0x00000000c3200000| Untracked 
|  45|0x00000000c3300000, 0x00000000c3300000, 0x00000000c3400000|  0%| F|  |TAMS 0x00000000c3300000, 0x00000000c3300000| Untracked 
|  46|0x00000000c3400000, 0x00000000c3400000, 0x00000000c3500000|  0%| F|  |TAMS 0x00000000c3400000, 0x00000000c3400000| Untracked 
|  47|0x00000000c3500000, 0x00000000c3500000, 0x00000000c3600000|  0%| F|  |TAMS 0x00000000c3500000, 0x00000000c3500000| Untracked 
|  48|0x00000000c3600000, 0x00000000c36926f8, 0x00000000c3700000| 57%| S|CS|TAMS 0x00000000c3600000, 0x00000000c3600000| Complete 
|  49|0x00000000c3700000, 0x00000000c3800000, 0x00000000c3800000|100%| S|CS|TAMS 0x00000000c3700000, 0x00000000c3700000| Complete 
|  50|0x00000000c3800000, 0x00000000c3900000, 0x00000000c3900000|100%| S|CS|TAMS 0x00000000c3800000, 0x00000000c3800000| Complete 
|  51|0x00000000c3900000, 0x00000000c3900000, 0x00000000c3a00000|  0%| F|  |TAMS 0x00000000c3900000, 0x00000000c3900000| Untracked 
|  52|0x00000000c3a00000, 0x00000000c3a00000, 0x00000000c3b00000|  0%| F|  |TAMS 0x00000000c3a00000, 0x00000000c3a00000| Untracked 
|  53|0x00000000c3b00000, 0x00000000c3b00000, 0x00000000c3c00000|  0%| F|  |TAMS 0x00000000c3b00000, 0x00000000c3b00000| Untracked 
|  54|0x00000000c3c00000, 0x00000000c3c00000, 0x00000000c3d00000|  0%| F|  |TAMS 0x00000000c3c00000, 0x00000000c3c00000| Untracked 
|  55|0x00000000c3d00000, 0x00000000c3d00000, 0x00000000c3e00000|  0%| F|  |TAMS 0x00000000c3d00000, 0x00000000c3d00000| Untracked 
|  56|0x00000000c3e00000, 0x00000000c3e00000, 0x00000000c3f00000|  0%| F|  |TAMS 0x00000000c3e00000, 0x00000000c3e00000| Untracked 
|  57|0x00000000c3f00000, 0x00000000c3f00000, 0x00000000c4000000|  0%| F|  |TAMS 0x00000000c3f00000, 0x00000000c3f00000| Untracked 
|  58|0x00000000c4000000, 0x00000000c4000000, 0x00000000c4100000|  0%| F|  |TAMS 0x00000000c4000000, 0x00000000c4000000| Untracked 
|  59|0x00000000c4100000, 0x00000000c4100000, 0x00000000c4200000|  0%| F|  |TAMS 0x00000000c4100000, 0x00000000c4100000| Untracked 
|  60|0x00000000c4200000, 0x00000000c4200000, 0x00000000c4300000|  0%| F|  |TAMS 0x00000000c4200000, 0x00000000c4200000| Untracked 
|  61|0x00000000c4300000, 0x00000000c4300000, 0x00000000c4400000|  0%| F|  |TAMS 0x00000000c4300000, 0x00000000c4300000| Untracked 
|  62|0x00000000c4400000, 0x00000000c4400000, 0x00000000c4500000|  0%| F|  |TAMS 0x00000000c4400000, 0x00000000c4400000| Untracked 
|  63|0x00000000c4500000, 0x00000000c4500000, 0x00000000c4600000|  0%| F|  |TAMS 0x00000000c4500000, 0x00000000c4500000| Untracked 

Card table byte_map: [0x000002059c960000,0x000002059cb60000] _byte_map_base: 0x000002059c35d000

Marking Bits (Prev, Next): (CMBitMap*) 0x0000020583754840, (CMBitMap*) 0x0000020583754880
 Prev Bits: [0x000002059cd60000, 0x000002059dd48000)
 Next Bits: [0x000002059dd50000, 0x000002059ed38000)

Polling page: 0x000002058d100000

Metaspace:

Usage:
  Non-class:     16.24 MB capacity,    16.12 MB (>99%) used,    99.85 KB ( <1%) free+waste,    24.50 KB ( <1%) overhead. 
      Class:      2.36 MB capacity,     2.27 MB ( 96%) used,    85.27 KB (  4%) free+waste,    10.19 KB ( <1%) overhead. 
       Both:     18.60 MB capacity,    18.39 MB ( 99%) used,   185.12 KB ( <1%) free+waste,    34.69 KB ( <1%) overhead. 

Virtual space:
  Non-class space:       26.00 MB reserved,      16.25 MB ( 62%) committed 
      Class space:        1.00 GB reserved,       2.38 MB ( <1%) committed 
             Both:        1.03 GB reserved,      18.62 MB (  2%) committed 

Chunk freelists:
   Non-Class:  9.00 KB
       Class:  13.00 KB
        Both:  22.00 KB

MaxMetaspaceSize: 17179869184.00 GB
CompressedClassSpaceSize: 1.00 GB

CodeHeap 'non-profiled nmethods': size=120000Kb used=969Kb max_used=969Kb free=119030Kb
 bounds [0x0000020594bf0000, 0x0000020594e60000, 0x000002059c120000]
CodeHeap 'profiled nmethods': size=120000Kb used=4050Kb max_used=4050Kb free=115949Kb
 bounds [0x000002058d6c0000, 0x000002058dac0000, 0x0000020594bf0000]
CodeHeap 'non-nmethods': size=5760Kb used=1206Kb max_used=1232Kb free=4553Kb
 bounds [0x000002058d120000, 0x000002058d390000, 0x000002058d6c0000]
 total_blobs=2645 nmethods=2173 adapters=384
 compilation: enabled
              stopped_count=0, restarted_count=0
 full_count=0

Compilation events (20 events):
Event: 64.920 Thread 0x00000205a1321a90 nmethod 2156 0x0000020594cdd010 code [0x0000020594cdd1e0, 0x0000020594cdd938]
Event: 66.197 Thread 0x00000205a1329a90 2162       3       java.lang.Character::isJavaIdentifierPart (5 bytes)
Event: 66.197 Thread 0x00000205a1329a90 nmethod 2162 0x000002058daaf490 code [0x000002058daaf640, 0x000002058daaf878]
Event: 66.197 Thread 0x00000205a1329a90 2163       3       java.util.Arrays::rangeCheck (74 bytes)
Event: 66.198 Thread 0x00000205a1329a90 nmethod 2163 0x000002058daaf990 code [0x000002058daafc40, 0x000002058dab06a8]
Event: 66.647 Thread 0x00000205a1321a90 2164       4       java.util.Arrays::copyOf (19 bytes)
Event: 66.649 Thread 0x00000205a1321a90 nmethod 2164 0x0000020594cddd10 code [0x0000020594cddea0, 0x0000020594cde158]
Event: 66.700 Thread 0x00000205a1321a90 2165       4       java.lang.ClassLoader::getClassLoadingLock (35 bytes)
Event: 66.702 Thread 0x00000205a1321a90 nmethod 2165 0x0000020594cde290 code [0x0000020594cde420, 0x0000020594cde528]
Event: 66.750 Thread 0x00000205a1321a90 2166   !   4       java.util.zip.InflaterInputStream::read (138 bytes)
Event: 66.788 Thread 0x00000205a1321a90 nmethod 2166 0x0000020594cde610 code [0x0000020594cde8a0, 0x0000020594ce08d0]
Event: 67.033 Thread 0x00000205a1321a90 2167       4       java.lang.StringConcatHelper::newString (67 bytes)
Event: 67.033 Thread 0x00000205a1329a90 2168       3       java.util.Arrays$ArrayList::iterator (12 bytes)
Event: 67.034 Thread 0x00000205a1329a90 nmethod 2168 0x000002058dab0a90 code [0x000002058dab0c40, 0x000002058dab0eb8]
Event: 67.034 Thread 0x00000205a1329a90 2169       3       java.util.Arrays$ArrayItr::<init> (10 bytes)
Event: 67.034 Thread 0x00000205a1329a90 nmethod 2169 0x000002058dab0f90 code [0x000002058dab1120, 0x000002058dab12d8]
Event: 67.034 Thread 0x00000205a1321a90 nmethod 2167 0x0000020594ce1c10 code [0x0000020594ce1da0, 0x0000020594ce1e78]
Event: 67.424 Thread 0x00000205a1321a90 2171       4       org.springframework.util.StringUtils::hasLength (17 bytes)
Event: 67.424 Thread 0x00000205a1321a90 nmethod 2171 0x0000020594ce2390 code [0x0000020594ce2500, 0x0000020594ce2578]
Event: 68.118 Thread 0x00000205a1321a90 2172   !   4       jdk.internal.loader.BuiltinClassLoader::loadClassOrNull (143 bytes)

GC Heap History (12 events):
Event: 39.318 GC heap before
{Heap before GC invocations=0 (full 0):
 garbage-first heap   total 65536K, used 13312K [0x00000000c0600000, 0x0000000100000000)
  region size 1024K, 13 young (13312K), 0 survivors (0K)
 Metaspace       used 2617K, capacity 5500K, committed 5632K, reserved 1056768K
  class space    used 236K, capacity 492K, committed 512K, reserved 1048576K
}
Event: 39.467 GC heap after
{Heap after GC invocations=1 (full 0):
 garbage-first heap   total 65536K, used 7232K [0x00000000c0600000, 0x0000000100000000)
  region size 1024K, 2 young (2048K), 2 survivors (2048K)
 Metaspace       used 2617K, capacity 5500K, committed 5632K, reserved 1056768K
  class space    used 236K, capacity 492K, committed 512K, reserved 1048576K
}
Event: 44.011 GC heap before
{Heap before GC invocations=1 (full 0):
 garbage-first heap   total 65536K, used 14400K [0x00000000c0600000, 0x0000000100000000)
  region size 1024K, 9 young (9216K), 2 survivors (2048K)
 Metaspace       used 4486K, capacity 6508K, committed 6528K, reserved 1056768K
  class space    used 472K, capacity 636K, committed 640K, reserved 1048576K
}
Event: 44.014 GC heap after
{Heap after GC invocations=2 (full 0):
 garbage-first heap   total 65536K, used 7628K [0x00000000c0600000, 0x0000000100000000)
  region size 1024K, 1 young (1024K), 1 survivors (1024K)
 Metaspace       used 4486K, capacity 6508K, committed 6528K, reserved 1056768K
  class space    used 472K, capacity 636K, committed 640K, reserved 1048576K
}
Event: 44.034 GC heap before
{Heap before GC invocations=2 (full 0):
 garbage-first heap   total 65536K, used 26060K [0x00000000c0600000, 0x0000000100000000)
  region size 1024K, 20 young (20480K), 1 survivors (1024K)
 Metaspace       used 4487K, capacity 6508K, committed 6528K, reserved 1056768K
  class space    used 472K, capacity 636K, committed 640K, reserved 1048576K
}
Event: 44.035 GC heap after
{Heap after GC invocations=3 (full 0):
 garbage-first heap   total 65536K, used 7734K [0x00000000c0600000, 0x0000000100000000)
  region size 1024K, 1 young (1024K), 1 survivors (1024K)
 Metaspace       used 4487K, capacity 6508K, committed 6528K, reserved 1056768K
  class space    used 472K, capacity 636K, committed 640K, reserved 1048576K
}
Event: 52.796 GC heap before
{Heap before GC invocations=3 (full 0):
 garbage-first heap   total 65536K, used 44598K [0x00000000c0600000, 0x0000000100000000)
  region size 1024K, 38 young (38912K), 1 survivors (1024K)
 Metaspace       used 8408K, capacity 9197K, committed 9344K, reserved 1056768K
  class space    used 1040K, capacity 1103K, committed 1152K, reserved 1048576K
}
Event: 52.800 GC heap after
{Heap after GC invocations=4 (full 0):
 garbage-first heap   total 65536K, used 9075K [0x00000000c0600000, 0x0000000100000000)
  region size 1024K, 2 young (2048K), 2 survivors (2048K)
 Metaspace       used 8408K, capacity 9197K, committed 9344K, reserved 1056768K
  class space    used 1040K, capacity 1103K, committed 1152K, reserved 1048576K
}
Event: 60.588 GC heap before
{Heap before GC invocations=4 (full 0):
 garbage-first heap   total 65536K, used 44915K [0x00000000c0600000, 0x0000000100000000)
  region size 1024K, 38 young (38912K), 2 survivors (2048K)
 Metaspace       used 15993K, capacity 16230K, committed 16512K, reserved 1062912K
  class space    used 2024K, capacity 2095K, committed 2176K, reserved 1048576K
}
Event: 60.595 GC heap after
{Heap after GC invocations=5 (full 0):
 garbage-first heap   total 65536K, used 11127K [0x00000000c0600000, 0x0000000100000000)
  region size 1024K, 4 young (4096K), 4 survivors (4096K)
 Metaspace       used 15993K, capacity 16230K, committed 16512K, reserved 1062912K
  class space    used 2024K, capacity 2095K, committed 2176K, reserved 1048576K
}
Event: 60.609 GC heap before
{Heap before GC invocations=5 (full 0):
 garbage-first heap   total 65536K, used 44919K [0x00000000c0600000, 0x0000000100000000)
  region size 1024K, 38 young (38912K), 4 survivors (4096K)
 Metaspace       used 15995K, capacity 16230K, committed 16512K, reserved 1062912K
  class space    used 2024K, capacity 2095K, committed 2176K, reserved 1048576K
}
Event: 60.615 GC heap after
{Heap after GC invocations=6 (full 0):
 garbage-first heap   total 65536K, used 11384K [0x00000000c0600000, 0x0000000100000000)
  region size 1024K, 3 young (3072K), 3 survivors (3072K)
 Metaspace       used 15995K, capacity 16230K, committed 16512K, reserved 1062912K
  class space    used 2024K, capacity 2095K, committed 2176K, reserved 1048576K
}

Deoptimization events (20 events):
Event: 58.840 Thread 0x00000205a1d4c820 DEOPT PACKING pc=0x000002058d7e6956 sp=0x000000db42ffd520
Event: 58.840 Thread 0x00000205a1d4c820 DEOPT UNPACKING pc=0x000002058d16e23f sp=0x000000db42ffc9e8 mode 0
Event: 58.840 Thread 0x00000205a1d4c820 DEOPT PACKING pc=0x000002058d7eed19 sp=0x000000db42ffd4f0
Event: 58.840 Thread 0x00000205a1d4c820 DEOPT UNPACKING pc=0x000002058d16e23f sp=0x000000db42ffc9e0 mode 0
Event: 58.841 Thread 0x00000205a1d4c820 DEOPT PACKING pc=0x000002058da8a62f sp=0x000000db42ffd5e0
Event: 58.841 Thread 0x00000205a1d4c820 DEOPT UNPACKING pc=0x000002058d16e23f sp=0x000000db42ffcb18 mode 0
Event: 58.841 Thread 0x00000205a1d4c820 DEOPT PACKING pc=0x000002058d7e6956 sp=0x000000db42ffd560
Event: 58.841 Thread 0x00000205a1d4c820 DEOPT UNPACKING pc=0x000002058d16e23f sp=0x000000db42ffca50 mode 0
Event: 58.841 Thread 0x00000205a1d4c820 DEOPT PACKING pc=0x000002058d7eed19 sp=0x000000db42ffd4f0
Event: 58.841 Thread 0x00000205a1d4c820 DEOPT UNPACKING pc=0x000002058d16e23f sp=0x000000db42ffc9e0 mode 0
Event: 58.842 Thread 0x00000205a1d4c820 DEOPT PACKING pc=0x000002058d7e6956 sp=0x000000db42ffd520
Event: 58.842 Thread 0x00000205a1d4c820 DEOPT UNPACKING pc=0x000002058d16e23f sp=0x000000db42ffc9e8 mode 0
Event: 58.842 Thread 0x00000205a1d4c820 DEOPT PACKING pc=0x000002058da8a62f sp=0x000000db42ffd5e0
Event: 58.842 Thread 0x00000205a1d4c820 DEOPT UNPACKING pc=0x000002058d16e23f sp=0x000000db42ffcb18 mode 0
Event: 58.842 Thread 0x00000205a1d4c820 DEOPT PACKING pc=0x000002058d7eed19 sp=0x000000db42ffd550
Event: 58.842 Thread 0x00000205a1d4c820 DEOPT UNPACKING pc=0x000002058d16e23f sp=0x000000db42ffca48 mode 0
Event: 60.604 Thread 0x00000205a1d4c820 Uncommon trap: trap_request=0xffffff45 fr.pc=0x0000020594c425b0 relative=0x00000000000005f0
Event: 60.604 Thread 0x00000205a1d4c820 Uncommon trap: reason=unstable_if action=reinterpret pc=0x0000020594c425b0 method=java.util.jar.Manifest$FastInputStream.readLine([BII)I @ 130 c2
Event: 60.604 Thread 0x00000205a1d4c820 DEOPT PACKING pc=0x0000020594c425b0 sp=0x000000db42ffb540
Event: 60.604 Thread 0x00000205a1d4c820 DEOPT UNPACKING pc=0x000002058d16e42f sp=0x000000db42ffb4d0 mode 2

Classes unloaded (0 events):
No events

Classes redefined (0 events):
No events

Internal exceptions (20 events):
Event: 52.387 Thread 0x00000205a1d4c820 Exception <a 'java/lang/NoSuchMethodError'{0x00000000c21865d0}: 'void java.lang.invoke.DirectMethodHandle$Holder.invokeSpecial(java.lang.Object, java.lang.Object, java.lang.Object, java.lang.Object, java.lang.Object)'> (0x00000000c21865d0) 
thrown [./open/src/hotspot/share/interpreter/linkResolver.cpp, line 782]
Event: 53.731 Thread 0x00000205a1d4c820 Exception <a 'java/lang/NoSuchMethodError'{0x00000000c3f5b638}: 'org.slf4j.impl.StaticMDCBinder org.slf4j.impl.StaticMDCBinder.getSingleton()'> (0x00000000c3f5b638) 
thrown [./open/src/hotspot/share/interpreter/linkResolver.cpp, line 782]
Event: 54.404 Thread 0x00000205a1d4c820 Exception <a 'java/lang/NoSuchMethodError'{0x00000000c3c5b290}: 'int java.lang.invoke.DirectMethodHandle$Holder.invokeInterface(java.lang.Object, java.lang.Object)'> (0x00000000c3c5b290) 
thrown [./open/src/hotspot/share/interpreter/linkResolver.cpp, line 782]
Event: 55.067 Thread 0x00000205a1d4c820 Exception <a 'java/lang/ClassNotFoundException'{0x00000000c38d32a8}: java/lang/ObjectCustomizer> (0x00000000c38d32a8) 
thrown [./open/src/hotspot/share/classfile/systemDictionary.cpp, line 295]
Event: 55.190 Thread 0x00000205a1d4c820 Exception <a 'java/lang/IncompatibleClassChangeError'{0x00000000c38d8168}: Found class java.lang.Object, but interface was expected> (0x00000000c38d8168) 
thrown [./open/src/hotspot/share/interpreter/linkResolver.cpp, line 848]
Event: 55.425 Thread 0x00000205a1d4c820 Exception <a 'java/lang/ClassNotFoundException'{0x00000000c37484e0}: org/springframework/context/annotation/ConfigurationClassPostProcessorCustomizer> (0x00000000c37484e0) 
thrown [./open/src/hotspot/share/classfile/systemDictionary.cpp, line 295]
Event: 55.505 Thread 0x00000205a1d4c820 Exception <a 'java/lang/ClassNotFoundException'{0x00000000c3768908}: org/springframework/beans/factory/support/BeanDefinitionRegistryPostProcessorCustomizer> (0x00000000c3768908) 
thrown [./open/src/hotspot/share/classfile/systemDictionary.cpp, line 295]
Event: 55.507 Thread 0x00000205a1d4c820 Exception <a 'java/lang/ClassNotFoundException'{0x00000000c376f5b8}: org/springframework/beans/factory/config/BeanFactoryPostProcessorCustomizer> (0x00000000c376f5b8) 
thrown [./open/src/hotspot/share/classfile/systemDictionary.cpp, line 295]
Event: 55.520 Thread 0x00000205a1d4c820 Exception <a 'java/lang/ClassNotFoundException'{0x00000000c3775df8}: org/springframework/core/PriorityOrderedCustomizer> (0x00000000c3775df8) 
thrown [./open/src/hotspot/share/classfile/systemDictionary.cpp, line 295]
Event: 55.522 Thread 0x00000205a1d4c820 Exception <a 'java/lang/ClassNotFoundException'{0x00000000c377b1e0}: org/springframework/core/OrderedCustomizer> (0x00000000c377b1e0) 
thrown [./open/src/hotspot/share/classfile/systemDictionary.cpp, line 295]
Event: 55.524 Thread 0x00000205a1d4c820 Exception <a 'java/lang/ClassNotFoundException'{0x00000000c3781900}: org/springframework/context/ResourceLoaderAwareCustomizer> (0x00000000c3781900) 
thrown [./open/src/hotspot/share/classfile/systemDictionary.cpp, line 295]
Event: 55.525 Thread 0x00000205a1d4c820 Exception <a 'java/lang/ClassNotFoundException'{0x00000000c37880c8}: org/springframework/beans/factory/AwareCustomizer> (0x00000000c37880c8) 
thrown [./open/src/hotspot/share/classfile/systemDictionary.cpp, line 295]
Event: 55.526 Thread 0x00000205a1d4c820 Exception <a 'java/lang/ClassNotFoundException'{0x00000000c378d988}: org/springframework/context/ApplicationStartupAwareCustomizer> (0x00000000c378d988) 
thrown [./open/src/hotspot/share/classfile/systemDictionary.cpp, line 295]
Event: 55.534 Thread 0x00000205a1d4c820 Exception <a 'java/lang/ClassNotFoundException'{0x00000000c37943c8}: org/springframework/beans/factory/AwareCustomizer> (0x00000000c37943c8) 
thrown [./open/src/hotspot/share/classfile/systemDictionary.cpp, line 295]
Event: 55.536 Thread 0x00000205a1d4c820 Exception <a 'java/lang/ClassNotFoundException'{0x00000000c3799cd8}: org/springframework/beans/factory/BeanClassLoaderAwareCustomizer> (0x00000000c3799cd8) 
thrown [./open/src/hotspot/share/classfile/systemDictionary.cpp, line 295]
Event: 55.575 Thread 0x00000205a1d4c820 Exception <a 'java/lang/ClassNotFoundException'{0x00000000c37a04b8}: org/springframework/beans/factory/AwareCustomizer> (0x00000000c37a04b8) 
thrown [./open/src/hotspot/share/classfile/systemDictionary.cpp, line 295]
Event: 55.576 Thread 0x00000205a1d4c820 Exception <a 'java/lang/ClassNotFoundException'{0x00000000c36964b0}: org/springframework/context/EnvironmentAwareCustomizer> (0x00000000c36964b0) 
thrown [./open/src/hotspot/share/classfile/systemDictionary.cpp, line 295]
Event: 55.578 Thread 0x00000205a1d4c820 Exception <a 'java/lang/ClassNotFoundException'{0x00000000c369cca8}: org/springframework/beans/factory/AwareCustomizer> (0x00000000c369cca8) 
thrown [./open/src/hotspot/share/classfile/systemDictionary.cpp, line 295]
Event: 57.897 Thread 0x00000205a2f74910 Exception <a 'java/lang/NoSuchMethodError'{0x00000000c2a3eee0}: 'java.lang.Object java.lang.invoke.DirectMethodHandle$Holder.invokeStaticInit(java.lang.Object, java.lang.Object, java.lang.Object, java.lang.Object, java.lang.Object)'> (0x00000000c2a3eee0) 
thrown [./open/src/hotspot/share/interpreter/linkResolver.cpp, line 782]
Event: 58.198 Thread 0x00000205a1d4c820 Exception <a 'java/lang/NoSuchMethodError'{0x00000000c29b2528}: 'int java.lang.invoke.DirectMethodHandle$Holder.invokeSpecialIFC(java.lang.Object, java.lang.Object, java.lang.Object, java.lang.Object)'> (0x00000000c29b2528) 
thrown [./open/src/hotspot/share/interpreter/linkResolver.cpp, line 782]

Events (20 events):
Event: 60.595 Executing VM operation: HandshakeAllThreads
Event: 60.596 Executing VM operation: HandshakeAllThreads done
Event: 60.609 Executing VM operation: G1CollectForAllocation
Event: 60.615 Executing VM operation: G1CollectForAllocation done
Event: 64.168 loading class java/beans/ConstructorProperties
Event: 64.576 loading class java/beans/ConstructorProperties done
Event: 64.833 loading class javax/naming/ldap/LdapContext
Event: 64.843 loading class sun/text/resources/cldr/FormatData_en
Event: 64.895 loading class javax/naming/directory/DirContext
Event: 64.941 loading class sun/text/resources/cldr/FormatData_en done
Event: 64.941 loading class sun/text/resources/cldr/FormatData_en_US
Event: 64.941 loading class sun/text/resources/cldr/FormatData_en_US done
Event: 65.011 loading class javax/naming/directory/DirContext done
Event: 65.011 loading class javax/naming/ldap/LdapContext done
Event: 65.643 Executing VM operation: HandshakeAllThreads
Event: 65.643 Executing VM operation: HandshakeAllThreads done
Event: 66.120 loading class java/io/CharArrayReader
Event: 66.193 loading class java/io/CharArrayReader done
Event: 66.198 loading class java/util/concurrent/atomic/AtomicReference
Event: 66.281 loading class java/util/concurrent/atomic/AtomicReference done


Dynamic libraries:
0x00007ff6bd1c0000 - 0x00007ff6bd1cf000 	C:\Program Files\Java\jdk-15.0.1\bin\javaw.exe
0x00007ff9eabd0000 - 0x00007ff9eadc6000 	C:\WINDOWS\SYSTEM32\ntdll.dll
0x00007ff9ce700000 - 0x00007ff9ce712000 	C:\Program Files\Avast Software\Avast\aswhook.dll
0x00007ff9ea530000 - 0x00007ff9ea5ed000 	C:\WINDOWS\System32\KERNEL32.DLL
0x00007ff9e8470000 - 0x00007ff9e8739000 	C:\WINDOWS\System32\KERNELBASE.dll
0x00007ff9e8310000 - 0x00007ff9e8410000 	C:\WINDOWS\System32\ucrtbase.dll
0x00007ff9d4a00000 - 0x00007ff9d4a18000 	C:\Program Files\Java\jdk-15.0.1\bin\jli.dll
0x00007ff9e95d0000 - 0x00007ff9e967c000 	C:\WINDOWS\System32\ADVAPI32.dll
0x00007ff9e8c30000 - 0x00007ff9e8cce000 	C:\WINDOWS\System32\msvcrt.dll
0x00007ff9e9040000 - 0x00007ff9e90dc000 	C:\WINDOWS\System32\sechost.dll
0x00007ff9e90e0000 - 0x00007ff9e920b000 	C:\WINDOWS\System32\RPCRT4.dll
0x00007ff9e9430000 - 0x00007ff9e95d0000 	C:\WINDOWS\System32\USER32.dll
0x00007ff9e89b0000 - 0x00007ff9e89d2000 	C:\WINDOWS\System32\win32u.dll
0x00007ff9e8d60000 - 0x00007ff9e8d8a000 	C:\WINDOWS\System32\GDI32.dll
0x00007ff9e88a0000 - 0x00007ff9e89ab000 	C:\WINDOWS\System32\gdi32full.dll
0x00007ff9e8a10000 - 0x00007ff9e8aad000 	C:\WINDOWS\System32\msvcp_win.dll
0x00007ff9d3a40000 - 0x00007ff9d3a59000 	C:\Program Files\Java\jdk-15.0.1\bin\VCRUNTIME140.dll
0x00007ff9d1580000 - 0x00007ff9d181b000 	C:\WINDOWS\WinSxS\amd64_microsoft.windows.common-controls_6595b64144ccf1df_6.0.19041.746_none_ca02b4b61b8320a4\COMCTL32.dll
0x00007ff9e30d0000 - 0x00007ff9e30da000 	C:\WINDOWS\SYSTEM32\VERSION.dll
0x00007ff9e8cd0000 - 0x00007ff9e8d00000 	C:\WINDOWS\System32\IMM32.DLL
0x00007ff9dfd50000 - 0x00007ff9dfd5c000 	C:\Program Files\Java\jdk-15.0.1\bin\vcruntime140_1.dll
0x00007ff9c89d0000 - 0x00007ff9c8a61000 	C:\Program Files\Java\jdk-15.0.1\bin\msvcp140.dll
0x00007ff9b7ae0000 - 0x00007ff9b863e000 	C:\Program Files\Java\jdk-15.0.1\bin\server\jvm.dll
0x00007ff9eaa30000 - 0x00007ff9eaa38000 	C:\WINDOWS\System32\PSAPI.DLL
0x00007ff9dc680000 - 0x00007ff9dc689000 	C:\WINDOWS\SYSTEM32\WSOCK32.dll
0x00007ff9e93c0000 - 0x00007ff9e942b000 	C:\WINDOWS\System32\WS2_32.dll
0x00007ff9d9ee0000 - 0x00007ff9d9f07000 	C:\WINDOWS\SYSTEM32\WINMM.dll
0x00007ff9e6290000 - 0x00007ff9e62a2000 	C:\WINDOWS\SYSTEM32\kernel.appcore.dll
0x00007ff9df390000 - 0x00007ff9df39a000 	C:\Program Files\Java\jdk-15.0.1\bin\jimage.dll
0x00007ff9e2dc0000 - 0x00007ff9e2fa4000 	C:\WINDOWS\SYSTEM32\DBGHELP.DLL
0x00007ff9e2d90000 - 0x00007ff9e2dbc000 	C:\WINDOWS\SYSTEM32\dbgcore.DLL
0x00007ff9e8bb0000 - 0x00007ff9e8c30000 	C:\WINDOWS\System32\bcryptPrimitives.dll
0x00007ff9d2f50000 - 0x00007ff9d2f75000 	C:\Program Files\Java\jdk-15.0.1\bin\java.dll
0x00007ff9e9ca0000 - 0x00007ff9ea3e3000 	C:\WINDOWS\System32\SHELL32.dll
0x00007ff9e6490000 - 0x00007ff9e6c1f000 	C:\WINDOWS\SYSTEM32\windows.storage.dll
0x00007ff9ea6d0000 - 0x00007ff9eaa26000 	C:\WINDOWS\System32\combase.dll
0x00007ff9e7d70000 - 0x00007ff9e7d9c000 	C:\WINDOWS\SYSTEM32\Wldp.dll
0x00007ff9e8f30000 - 0x00007ff9e8fde000 	C:\WINDOWS\System32\SHCORE.dll
0x00007ff9e8d00000 - 0x00007ff9e8d55000 	C:\WINDOWS\System32\shlwapi.dll
0x00007ff9e8240000 - 0x00007ff9e8266000 	C:\WINDOWS\SYSTEM32\profapi.dll
0x00007ff9d3090000 - 0x00007ff9d30a9000 	C:\Program Files\Java\jdk-15.0.1\bin\net.dll
0x00007ff9e0150000 - 0x00007ff9e0250000 	C:\WINDOWS\SYSTEM32\WINHTTP.dll
0x00007ff9e7af0000 - 0x00007ff9e7b5a000 	C:\WINDOWS\system32\mswsock.dll
0x00007ff9d1370000 - 0x00007ff9d1382000 	C:\Program Files\Java\jdk-15.0.1\bin\nio.dll
0x00007ff9d1260000 - 0x00007ff9d1278000 	C:\Program Files\Java\jdk-15.0.1\bin\zip.dll
0x00007ff9d6f60000 - 0x00007ff9d6f70000 	C:\Program Files\Java\jdk-15.0.1\bin\verify.dll
0x00007ff9d6900000 - 0x00007ff9d6909000 	C:\Program Files\Java\jdk-15.0.1\bin\management.dll
0x00007ff9d6690000 - 0x00007ff9d669b000 	C:\Program Files\Java\jdk-15.0.1\bin\management_ext.dll
0x00007ff9d50d0000 - 0x00007ff9d50e7000 	C:\WINDOWS\system32\napinsp.dll
0x00007ff9d50b0000 - 0x00007ff9d50cb000 	C:\WINDOWS\system32\pnrpnsp.dll
0x00007ff9d5090000 - 0x00007ff9d50a5000 	C:\WINDOWS\system32\wshbth.dll
0x00007ff9e3e00000 - 0x00007ff9e3e1d000 	C:\WINDOWS\system32\NLAapi.dll
0x00007ff9e7790000 - 0x00007ff9e77cb000 	C:\WINDOWS\SYSTEM32\IPHLPAPI.DLL
0x00007ff9e77e0000 - 0x00007ff9e78ab000 	C:\WINDOWS\SYSTEM32\DNSAPI.dll
0x00007ff9e8e70000 - 0x00007ff9e8e78000 	C:\WINDOWS\System32\NSI.dll
0x00007ff9d5480000 - 0x00007ff9d5492000 	C:\WINDOWS\System32\winrnr.dll
0x0000000055af0000 - 0x0000000055b16000 	C:\Program Files\Bonjour\mdnsNSP.dll
0x00007ff9e0100000 - 0x00007ff9e010a000 	C:\Windows\System32\rasadhlp.dll
0x00007ff9df5f0000 - 0x00007ff9df66f000 	C:\WINDOWS\System32\fwpuclnt.dll
0x00007ff9e89e0000 - 0x00007ff9e8a07000 	C:\WINDOWS\System32\bcrypt.dll

dbghelp: loaded successfully - version: 4.0.5 - missing functions: none
symbol engine: initialized successfully - sym options: 0x614 - pdb path: .;C:\Program Files\Java\jdk-15.0.1\bin;C:\WINDOWS\SYSTEM32;C:\Program Files\Avast Software\Avast;C:\WINDOWS\WinSxS\amd64_microsoft.windows.common-controls_6595b64144ccf1df_6.0.19041.746_none_ca02b4b61b8320a4;C:\Program Files\Java\jdk-15.0.1\bin\server;C:\Program Files\Bonjour

VM Arguments:
jvm_args: -Dfile.encoding=UTF-8 -XX:+ShowCodeDetailsInExceptionMessages 
java_command: com.classroom.virtualclassroom.VirtualClassroomApplication
java_class_path (initial): C:\Users\fujitsu\Desktop\projet1\classevirtuelle\target\test-classes;C:\Users\fujitsu\Desktop\projet1\classevirtuelle\target\classes;C:\Users\fujitsu\.m2\repository\org\springframework\boot\spring-boot-starter-web\2.4.1\spring-boot-starter-web-2.4.1.jar;C:\Users\fujitsu\.m2\repository\org\springframework\boot\spring-boot-starter\2.4.1\spring-boot-starter-2.4.1.jar;C:\Users\fujitsu\.m2\repository\org\springframework\boot\spring-boot-starter-logging\2.4.1\spring-boot-starter-logging-2.4.1.jar;C:\Users\fujitsu\.m2\repository\ch\qos\logback\logback-classic\1.2.3\logback-classic-1.2.3.jar;C:\Users\fujitsu\.m2\repository\ch\qos\logback\logback-core\1.2.3\logback-core-1.2.3.jar;C:\Users\fujitsu\.m2\repository\org\apache\logging\log4j\log4j-to-slf4j\2.13.3\log4j-to-slf4j-2.13.3.jar;C:\Users\fujitsu\.m2\repository\org\apache\logging\log4j\log4j-api\2.13.3\log4j-api-2.13.3.jar;C:\Users\fujitsu\.m2\repository\org\slf4j\jul-to-slf4j\1.7.30\jul-to-slf4j-1.7.30.jar;C:\Users\fujitsu\.m2\repository\jakarta\annotation\jakarta.annotation-api\1.3.5\jakarta.annotation-api-1.3.5.jar;C:\Users\fujitsu\.m2\repository\org\yaml\snakeyaml\1.27\snakeyaml-1.27.jar;C:\Users\fujitsu\.m2\repository\org\springframework\boot\spring-boot-starter-json\2.4.1\spring-boot-starter-json-2.4.1.jar;C:\Users\fujitsu\.m2\repository\com\fasterxml\jackson\core\jackson-databind\2.11.3\jackson-databind-2.11.3.jar;C:\Users\fujitsu\.m2\repository\com\fasterxml\jackson\core\jackson-core\2.11.3\jackson-core-2.11.3.jar;C:\Users\fujitsu\.m2\repository\com\fasterxml\jackson\datatype\jackson-datatype-jdk8\2.11.3\jackson-datatype-jdk8-2.11.3.jar;C:\Users\fujitsu\.m2\repository\com\fasterxml\jackson\datatype\jackson-datatype-jsr310\2.11.3\jackson-datatype-jsr310-2.11.3.jar;C:\Users\fujitsu\.m2\repository\com\fasterxml\jackson\module\jackson-module-parameter-names\2.11.3\jackson-module-parameter-names-2.11.3.jar;C:\Users\fujitsu\.m2\repository\org\springframework\boot\spring-boot-starter-tomcat\2
Launcher Type: SUN_STANDARD

[Global flags]
     intx CICompilerCount                          = 3                                         {product} {ergonomic}
     uint ConcGCThreads                            = 1                                         {product} {ergonomic}
     uint G1ConcRefinementThreads                  = 4                                         {product} {ergonomic}
   size_t G1HeapRegionSize                         = 1048576                                   {product} {ergonomic}
    uintx GCDrainStackTargetSize                   = 64                                        {product} {ergonomic}
   size_t InitialHeapSize                          = 67108864                                  {product} {ergonomic}
   size_t MarkStackSize                            = 4194304                                   {product} {ergonomic}
   size_t MaxHeapSize                              = 1067450368                                {product} {ergonomic}
   size_t MaxNewSize                               = 639631360                                 {product} {ergonomic}
   size_t MinHeapDeltaBytes                        = 1048576                                   {product} {ergonomic}
   size_t MinHeapSize                              = 8388608                                   {product} {ergonomic}
    uintx NonNMethodCodeHeapSize                   = 5832780                                {pd product} {ergonomic}
    uintx NonProfiledCodeHeapSize                  = 122912730                              {pd product} {ergonomic}
    uintx ProfiledCodeHeapSize                     = 122912730                              {pd product} {ergonomic}
    uintx ReservedCodeCacheSize                    = 251658240                              {pd product} {ergonomic}
     bool SegmentedCodeCache                       = true                                      {product} {ergonomic}
     bool ShowCodeDetailsInExceptionMessages       = true                                   {manageable} {command line}
   size_t SoftMaxHeapSize                          = 1067450368                             {manageable} {ergonomic}
     bool UseCompressedClassPointers               = true                                 {lp64_product} {ergonomic}
     bool UseCompressedOops                        = true                                 {lp64_product} {ergonomic}
     bool UseG1GC                                  = true                                      {product} {ergonomic}
     bool UseLargePagesIndividualAllocation        = false                                  {pd product} {ergonomic}

Logging:
Log output configuration:
 #0: stdout all=warning uptime,level,tags
 #1: stderr all=off uptime,level,tags

Environment Variables:
PATH=C:/Users/fujitsu/.p2/pool/plugins/org.eclipse.justj.openjdk.hotspot.jre.full.win32.x86_64_14.0.2.v20200815-0932/jre/bin/server;C:/Users/fujitsu/.p2/pool/plugins/org.eclipse.justj.openjdk.hotspot.jre.full.win32.x86_64_14.0.2.v20200815-0932/jre/bin;C:\Program Files\Common Files\Oracle\Java\javapath;C:\WINDOWS\system32;C:\WINDOWS;C:\WINDOWS\System32\Wbem;C:\WINDOWS\System32\WindowsPowerShell\v1.0\;C:\WINDOWS\System32\OpenSSH\;C:\Program Files\Git\cmd;C:\Program Files\nodejs\;C:\Program Files (x86)\Yarn\bin\;C:\composer;C:\Program Files\Symfony;C:\apache-maven-3.6.3\bin;C:\Users\fujitsu\AppData\Local\Microsoft\WindowsApps;C:\Users\fujitsu\AppData\Roaming\npm;C:\Users\fujitsu\AppData\Local\Yarn\bin;C:\Users\fujitsu\AppData\Local\Programs\Microsoft VS Code\bin;C:\Program Files\JetBrains\WebStorm 2020.2.2\bin;;C:\wamp64\bin\php\php7.4.9;C:\Users\fujitsu\AppData\Roaming\Composer\vendor\bin;C:\Program Files\JetBrains\IntelliJ IDEA Educational Edition 2020.3\bin;;C:\Users\fujitsu\Desktop;
USERNAME=fujitsu
OS=Windows_NT
PROCESSOR_IDENTIFIER=Intel64 Family 6 Model 42 Stepping 7, GenuineIntel



---------------  S Y S T E M  ---------------

OS:
 Windows 10 , 64 bit Build 19041 (10.0.19041.662)
OS uptime: 3 days 23:21 hours

CPU: total 4 (initial active 4) (4 cores per cpu, 1 threads per core) family 6 model 42 stepping 7 microcode 0x2f, cmov, cx8, fxsr, mmx, sse, sse2, sse3, ssse3, sse4.1, sse4.2, popcnt, vzeroupper, avx, aes, clmul, tsc, tscinvbit, clflush

Memory: 4k page, system-wide physical 4070M (315M free)
TotalPageFile size 16358M (AvailPageFile size 5M)
current process WorkingSet (physical memory assigned to process): 134M, peak: 134M
current process commit charge ("private bytes"): 188M, peak: 190M

vm_info: Java HotSpot(TM) 64-Bit Server VM (15.0.1+9-18) for windows-amd64 JRE (15.0.1+9-18), built on Sep 15 2020 14:43:54 by "mach5one" with unknown MS VC++:1925

END.
